Using pre-set license
Built from '2021.1/staging' branch; Version is '2021.1.17f1 (03b40fe07a36) revision 242703'; Using compiler version '192528614'; Build Type 'Release'
OS: 'Windows 10 Home; OS build 22000.1219; Version 2009; 64bit' Language: 'en' Physical Memory: 16328 MB
BatchMode: 1, IsHumanControllingUs: 0, StartBugReporterOnCrash: 0, Is64bit: 1, IsPro: 0

 COMMAND LINE ARGUMENTS:
D:\UNITY PROJECTS\2021.1.17f1\Editor\Unity.exe
-adb2
-batchMode
-noUpm
-name
AssetImportWorker0
-projectPath
D:/Unity/Projects/Unit-14-Fps-Game
-logFile
Logs/AssetImportWorker0.log
-srvPort
58080
Successfully changed project path to: D:/Unity/Projects/Unit-14-Fps-Game
D:/Unity/Projects/Unit-14-Fps-Game
Using Asset Import Pipeline V2.
Refreshing native plugins compatible for Editor in 154.64 ms, found 3 plugins.
Preloading 0 native plugins for Editor in 0.00 ms.
Initialize engine version: 2021.1.17f1 (03b40fe07a36)
[Subsystems] Discovering subsystems at path D:/UNITY PROJECTS/2021.1.17f1/Editor/Data/Resources/UnitySubsystems
[Subsystems] Discovering subsystems at path D:/Unity/Projects/Unit-14-Fps-Game/Assets
GfxDevice: creating device client; threaded=0; jobified=0
Direct3D:
    Version:  Direct3D 11.0 [level 11.1]
    Renderer: NVIDIA GeForce GTX 1660 SUPER (ID=0x21c4)
    Vendor:   NVIDIA
    VRAM:     5980 MB
    Driver:   31.0.15.2698
Initialize mono
Mono path[0] = 'D:/UNITY PROJECTS/2021.1.17f1/Editor/Data/Managed'
Mono path[1] = 'D:/UNITY PROJECTS/2021.1.17f1/Editor/Data/MonoBleedingEdge/lib/mono/unityjit'
Mono config path = 'D:/UNITY PROJECTS/2021.1.17f1/Editor/Data/MonoBleedingEdge/etc'
Using monoOptions --debugger-agent=transport=dt_socket,embedding=1,server=y,suspend=n,address=127.0.0.1:56068
Begin MonoManager ReloadAssembly
Registering precompiled unity dll's ...
Register platform support module: D:/UNITY PROJECTS/2021.1.17f1/Editor/Data/PlaybackEngines/WindowsStandaloneSupport/UnityEditor.WindowsStandalone.Extensions.dll
Registered in 0.175803 seconds.
Native extension for WindowsStandalone target not found
Refreshing native plugins compatible for Editor in 88.54 ms, found 3 plugins.
Preloading 0 native plugins for Editor in 0.00 ms.
Mono: successfully reloaded assembly
- Completed reload, in  5.456 seconds
Domain Reload Profiling:
	ReloadAssembly (5456ms)
		BeginReloadAssembly (3184ms)
			ExecutionOrderSort (0ms)
			DisableScriptedObjects (0ms)
			BackupInstance (0ms)
			ReleaseScriptingObjects (0ms)
			CreateAndSetChildDomain (1ms)
		EndReloadAssembly (840ms)
			LoadAssemblies (3184ms)
			RebuildTransferFunctionScriptingTraits (0ms)
			SetupTypeCache (527ms)
			ReleaseScriptCaches (0ms)
			RebuildScriptCaches (29ms)
			SetupLoadedEditorAssemblies (242ms)
				LogAssemblyErrors (0ms)
				InitializePlatformSupportModulesInManaged (6ms)
				SetLoadedEditorAssemblies (0ms)
				RefreshPlugins (89ms)
				BeforeProcessingInitializeOnLoad (1ms)
				ProcessInitializeOnLoadAttributes (110ms)
				ProcessInitializeOnLoadMethodAttributes (36ms)
				AfterProcessingInitializeOnLoad (0ms)
				EditorAssembliesLoaded (0ms)
			ExecutionOrderSort2 (0ms)
			AwakeInstancesAfterBackupRestoration (0ms)
Platform modules already initialized, skipping
Registering precompiled user dll's ...
Registered in 0.006017 seconds.
Begin MonoManager ReloadAssembly
Symbol file LoadedFromMemory doesn't match image D:\Unity\Projects\Unit-14-Fps-Game\Library\PackageCache\com.unity.visualscripting@1.7.8\Editor\VisualScripting.Core\Dependencies\YamlDotNet\Unity.VisualScripting.YamlDotNet.dll
Symbol file LoadedFromMemory doesn't match image D:\Unity\Projects\Unit-14-Fps-Game\Library\PackageCache\com.unity.visualscripting@1.7.8\Editor\VisualScripting.Core\Dependencies\DotNetZip\Unity.VisualScripting.IonicZip.dll
Native extension for WindowsStandalone target not found
Refreshing native plugins compatible for Editor in 0.78 ms, found 3 plugins.
Preloading 0 native plugins for Editor in 0.00 ms.
Mono: successfully reloaded assembly
- Completed reload, in  3.146 seconds
Domain Reload Profiling:
	ReloadAssembly (3146ms)
		BeginReloadAssembly (176ms)
			ExecutionOrderSort (0ms)
			DisableScriptedObjects (4ms)
			BackupInstance (0ms)
			ReleaseScriptingObjects (0ms)
			CreateAndSetChildDomain (20ms)
		EndReloadAssembly (2917ms)
			LoadAssemblies (304ms)
			RebuildTransferFunctionScriptingTraits (0ms)
			SetupTypeCache (1014ms)
			ReleaseScriptCaches (1ms)
			RebuildScriptCaches (47ms)
			SetupLoadedEditorAssemblies (1494ms)
				LogAssemblyErrors (0ms)
				InitializePlatformSupportModulesInManaged (4ms)
				SetLoadedEditorAssemblies (0ms)
				RefreshPlugins (1ms)
				BeforeProcessingInitializeOnLoad (60ms)
				ProcessInitializeOnLoadAttributes (603ms)
				ProcessInitializeOnLoadMethodAttributes (824ms)
				AfterProcessingInitializeOnLoad (2ms)
				EditorAssembliesLoaded (0ms)
			ExecutionOrderSort2 (0ms)
			AwakeInstancesAfterBackupRestoration (7ms)
Platform modules already initialized, skipping
========================================================================
Worker process is ready to serve import requests
Launched and connected shader compiler UnityShaderCompiler.exe after 0.06 seconds
Refreshing native plugins compatible for Editor in 0.81 ms, found 3 plugins.
Preloading 0 native plugins for Editor in 0.00 ms.
Unloading 3119 Unused Serialized files (Serialized files now loaded: 0)
System memory in use before: 126.1 MB.
System memory in use after: 126.3 MB.

Unloading 21 unused Assets to reduce memory usage. Loaded Objects now: 3594.
Total: 3.085300 ms (FindLiveObjects: 0.287000 ms CreateObjectMapping: 0.080300 ms MarkObjects: 2.629300 ms  DeleteObjects: 0.087600 ms)

AssetImportParameters requested are different than current active one (requested -> active):
  custom:framework-win-MediaFoundation: 216162199b28c13a410421893ffa2e32 -> 
  custom:video-decoder-ogg-theora: a1e56fd34408186e4bbccfd4996cb3dc -> 
  custom:container-muxer-webm: aa71ff27fc2769a1b78a27578f13a17b -> 
  custom:container-demuxer-webm: 4f35f7cbe854078d1ac9338744f61a02 -> 
  custom:container-demuxer-ogg: 62fdf1f143b41e24485cea50d1cbac27 -> 
  custom:video-encoder-webm-vp8: eb34c28f22e8b96e1ab97ce403110664 -> 
  custom:video-decoder-webm-vp8: 9c59270c3fd7afecdb556c50c9e8de78 -> 
  custom:audio-decoder-ogg-vorbis: bf7c407c2cedff20999df2af8eb42d56 -> 
  custom:audio-encoder-webm-vorbis: bf7c407c2cedff20999df2af8eb42d56 -> 
========================================================================
Received Import Request.
  path: Assets/Scenes/Menu.unity
  artifactKey: Guid(ec5041cedee308d4da8caa83ab53ac20) Importer(815301076,1909f56bfc062723c751e8b465ee728b)
Start importing Assets/Scenes/Menu.unity using Guid(ec5041cedee308d4da8caa83ab53ac20) Importer(815301076,1909f56bfc062723c751e8b465ee728b)  -> (artifact id: 'ae2883668faf9f59bbdb54a249fa1988') in 0.018113 seconds 
========================================================================
Received Import Request.
  Time since last request: 14.680717 seconds.
  path: Assets/Scenes/SampleScene.unity
  artifactKey: Guid(9fc0d4010bbf28b4594072e72b8655ab) Importer(815301076,1909f56bfc062723c751e8b465ee728b)
Start importing Assets/Scenes/SampleScene.unity using Guid(9fc0d4010bbf28b4594072e72b8655ab) Importer(815301076,1909f56bfc062723c751e8b465ee728b)  -> (artifact id: '68e9e594a71fb8fb21d8b5c53c6ef09b') in 0.006754 seconds 
========================================================================
Received Import Request.
  Time since last request: 51.358158 seconds.
  path: Assets/Scenes
  artifactKey: Guid(2152d5a6bf6c0dd4f9d8aa6e9e33a4f9) Importer(815301076,1909f56bfc062723c751e8b465ee728b)
Start importing Assets/Scenes using Guid(2152d5a6bf6c0dd4f9d8aa6e9e33a4f9) Importer(815301076,1909f56bfc062723c751e8b465ee728b)  -> (artifact id: '2ffc89e21a05208be6d3e92687735d16') in 0.007455 seconds 
========================================================================
Received Import Request.
  Time since last request: 233.543960 seconds.
  path: Assets
  artifactKey: Guid(00000000000000001000000000000000) Importer(815301076,1909f56bfc062723c751e8b465ee728b)
Start importing Assets using Guid(00000000000000001000000000000000) Importer(815301076,1909f56bfc062723c751e8b465ee728b)  -> (artifact id: '42d402b061de3733987d63b9cc3b64de') in 0.007427 seconds 
========================================================================
Received Import Request.
  Time since last request: 1.815595 seconds.
  path: Assets/MenuScene.unity
  artifactKey: Guid(52ea769dc7bd14844b5bc7b8512f499b) Importer(815301076,1909f56bfc062723c751e8b465ee728b)
Start importing Assets/MenuScene.unity using Guid(52ea769dc7bd14844b5bc7b8512f499b) Importer(815301076,1909f56bfc062723c751e8b465ee728b)  -> (artifact id: '4471f7a15af4a8fe6633db641f4a14e9') in 0.006989 seconds 
========================================================================
Received Import Request.
  Time since last request: 37.609723 seconds.
  path: Assets/741ae29be1bc94c31f09165fa4cac8ce.jpg
  artifactKey: Guid(31cf321f2a3957c429faaf511265dc9d) Importer(815301076,1909f56bfc062723c751e8b465ee728b)
Start importing Assets/741ae29be1bc94c31f09165fa4cac8ce.jpg using Guid(31cf321f2a3957c429faaf511265dc9d) Importer(815301076,1909f56bfc062723c751e8b465ee728b)  -> (artifact id: '403b7c7f5adf9ea87135757b57cb21d1') in 0.157030 seconds 
========================================================================
Received Import Request.
  Time since last request: 18.056722 seconds.
  path: Assets/741ae29be1bc94c31f09165fa4cac8ce.jpg
  artifactKey: Guid(31cf321f2a3957c429faaf511265dc9d) Importer(815301076,1909f56bfc062723c751e8b465ee728b)
Start importing Assets/741ae29be1bc94c31f09165fa4cac8ce.jpg using Guid(31cf321f2a3957c429faaf511265dc9d) Importer(815301076,1909f56bfc062723c751e8b465ee728b)  -> (artifact id: '4808af095e6a9196e1bdcec4855e41a2') in 0.053840 seconds 
========================================================================
Received Import Request.
  Time since last request: 217.581494 seconds.
  path: Assets/PolygonWestern
  artifactKey: Guid(ee87325cc9cef5a4d960f14fdb2fe528) Importer(815301076,1909f56bfc062723c751e8b465ee728b)
Start importing Assets/PolygonWestern using Guid(ee87325cc9cef5a4d960f14fdb2fe528) Importer(815301076,1909f56bfc062723c751e8b465ee728b)  -> (artifact id: 'd0ed273991553229345d91edcf1b54c4') in 0.014442 seconds 
========================================================================
Received Import Request.
  Time since last request: 1.031123 seconds.
  path: Assets/PolygonWestern/Prefabs
  artifactKey: Guid(8dfd8b0ec6e64bf408b66e7bd49724ae) Importer(815301076,1909f56bfc062723c751e8b465ee728b)
Start importing Assets/PolygonWestern/Prefabs using Guid(8dfd8b0ec6e64bf408b66e7bd49724ae) Importer(815301076,1909f56bfc062723c751e8b465ee728b)  -> (artifact id: '7025afe5a5a6e9b433243479a5a42d40') in 0.007266 seconds 
========================================================================
Received Import Request.
  Time since last request: 2.020587 seconds.
  path: Assets/PolygonWestern/Prefabs/Environments
  artifactKey: Guid(bbbb57ce0ac4d9c4e8d33c6927928cf2) Importer(815301076,1909f56bfc062723c751e8b465ee728b)
Start importing Assets/PolygonWestern/Prefabs/Environments using Guid(bbbb57ce0ac4d9c4e8d33c6927928cf2) Importer(815301076,1909f56bfc062723c751e8b465ee728b)  -> (artifact id: '72dc2b2c9aa05b80a296113bec01a383') in 0.006300 seconds 
========================================================================
Received Import Request.
  Time since last request: 0.051898 seconds.
  path: Assets/PolygonWestern/Prefabs/Environments/SM_Env_BackgroundCard_02.prefab
  artifactKey: Guid(4d8fbd0c4418ddb4390b7f567d861560) Importer(815301076,1909f56bfc062723c751e8b465ee728b)
Start importing Assets/PolygonWestern/Prefabs/Environments/SM_Env_BackgroundCard_02.prefab using Guid(4d8fbd0c4418ddb4390b7f567d861560) Importer(815301076,1909f56bfc062723c751e8b465ee728b)  -> (artifact id: 'e08d07e87669bf25b4e38fdab36bbd5d') in 0.099440 seconds 
========================================================================
Received Import Request.
  Time since last request: 0.000181 seconds.
  path: Assets/PolygonWestern/Prefabs/Environments/SM_Env_Cactus_03.prefab
  artifactKey: Guid(4b1245b5b00553649b27066dfc5f1eda) Importer(815301076,1909f56bfc062723c751e8b465ee728b)
Start importing Assets/PolygonWestern/Prefabs/Environments/SM_Env_Cactus_03.prefab using Guid(4b1245b5b00553649b27066dfc5f1eda) Importer(815301076,1909f56bfc062723c751e8b465ee728b)  -> (artifact id: '8b659c89f4c5f03381a9381a0ba87dad') in 0.163560 seconds 
========================================================================
Received Import Request.
  Time since last request: 0.000209 seconds.
  path: Assets/PolygonWestern/Prefabs/Environments/SM_Env_Cactus_14.prefab
  artifactKey: Guid(1e16f83b9a44c6e47a9a869eb4184f98) Importer(815301076,1909f56bfc062723c751e8b465ee728b)
Start importing Assets/PolygonWestern/Prefabs/Environments/SM_Env_Cactus_14.prefab using Guid(1e16f83b9a44c6e47a9a869eb4184f98) Importer(815301076,1909f56bfc062723c751e8b465ee728b)  -> (artifact id: '84baa772f20af6ed95821456754b6618') in 0.027077 seconds 
========================================================================
Received Import Request.
  Time since last request: 0.000244 seconds.
  path: Assets/PolygonWestern/Prefabs/Environments/SM_Env_Cliff_Curve_02.prefab
  artifactKey: Guid(f019e2eb8aafd5d4d8d29eb3a8ef2074) Importer(815301076,1909f56bfc062723c751e8b465ee728b)
Start importing Assets/PolygonWestern/Prefabs/Environments/SM_Env_Cliff_Curve_02.prefab using Guid(f019e2eb8aafd5d4d8d29eb3a8ef2074) Importer(815301076,1909f56bfc062723c751e8b465ee728b)  -> (artifact id: '31a03ef100a80880d34f5a83dda79c77') in 0.042665 seconds 
========================================================================
Received Import Request.
  Time since last request: 0.000178 seconds.
  path: Assets/PolygonWestern/Prefabs/Environments/SM_Env_Cliff_Cap_02.prefab
  artifactKey: Guid(ce265a7411f2a7f40b606576e81c0804) Importer(815301076,1909f56bfc062723c751e8b465ee728b)
Start importing Assets/PolygonWestern/Prefabs/Environments/SM_Env_Cliff_Cap_02.prefab using Guid(ce265a7411f2a7f40b606576e81c0804) Importer(815301076,1909f56bfc062723c751e8b465ee728b)  -> (artifact id: 'f39ebe334999effe6a3d3fa4b0abba01') in 0.024497 seconds 
========================================================================
Received Import Request.
  Time since last request: 0.000204 seconds.
  path: Assets/PolygonWestern/Prefabs/Environments/SM_Env_Cactus_02.prefab
  artifactKey: Guid(d87dddf59b9a1ae4e9ed874abb4bde02) Importer(815301076,1909f56bfc062723c751e8b465ee728b)
Start importing Assets/PolygonWestern/Prefabs/Environments/SM_Env_Cactus_02.prefab using Guid(d87dddf59b9a1ae4e9ed874abb4bde02) Importer(815301076,1909f56bfc062723c751e8b465ee728b)  -> (artifact id: '2d57b4a60facb57994560a826be3f506') in 0.037343 seconds 
========================================================================
Received Import Request.
  Time since last request: 0.000160 seconds.
  path: Assets/PolygonWestern/Prefabs/Environments/SM_Env_Butte_Base_02.prefab
  artifactKey: Guid(1b59243e2f47f98499ba84b48fa0d0ca) Importer(815301076,1909f56bfc062723c751e8b465ee728b)
Start importing Assets/PolygonWestern/Prefabs/Environments/SM_Env_Butte_Base_02.prefab using Guid(1b59243e2f47f98499ba84b48fa0d0ca) Importer(815301076,1909f56bfc062723c751e8b465ee728b)  -> (artifact id: '62b59958f1971ee1fe40afdd9a9f6e1a') in 0.025583 seconds 
========================================================================
Received Import Request.
  Time since last request: 0.000182 seconds.
  path: Assets/PolygonWestern/Prefabs/Environments/SM_Env_Butte_04.prefab
  artifactKey: Guid(f7df9fff59178814fbfa09513e092d91) Importer(815301076,1909f56bfc062723c751e8b465ee728b)
Start importing Assets/PolygonWestern/Prefabs/Environments/SM_Env_Butte_04.prefab using Guid(f7df9fff59178814fbfa09513e092d91) Importer(815301076,1909f56bfc062723c751e8b465ee728b)  -> (artifact id: '89f49b467e77a46871c89d39676a5c8c') in 0.025289 seconds 
========================================================================
Received Import Request.
  Time since last request: 0.000245 seconds.
  path: Assets/PolygonWestern/Prefabs/Environments/SM_Env_BonePile_Small_01.prefab
  artifactKey: Guid(dac69029d8cec4b41b5f41bba35472b0) Importer(815301076,1909f56bfc062723c751e8b465ee728b)
Start importing Assets/PolygonWestern/Prefabs/Environments/SM_Env_BonePile_Small_01.prefab using Guid(dac69029d8cec4b41b5f41bba35472b0) Importer(815301076,1909f56bfc062723c751e8b465ee728b)  -> (artifact id: '1b52eedf9c61027f40cc631931fa3723') in 0.025519 seconds 
========================================================================
Received Import Request.
  Time since last request: 0.000201 seconds.
  path: Assets/PolygonWestern/Prefabs/Environments/SM_Env_Cactus_09.prefab
  artifactKey: Guid(d5f182fff81e5f14c9e5131b13844a7e) Importer(815301076,1909f56bfc062723c751e8b465ee728b)
Start importing Assets/PolygonWestern/Prefabs/Environments/SM_Env_Cactus_09.prefab using Guid(d5f182fff81e5f14c9e5131b13844a7e) Importer(815301076,1909f56bfc062723c751e8b465ee728b)  -> (artifact id: 'bcc73befc0211dc47569f44da7cab562') in 0.024524 seconds 
========================================================================
Received Import Request.
  Time since last request: 0.000244 seconds.
  path: Assets/PolygonWestern/Prefabs/Environments/SM_Env_Cactus_10.prefab
  artifactKey: Guid(3fa438ca35fecfb4185d1e1a79c06df5) Importer(815301076,1909f56bfc062723c751e8b465ee728b)
Start importing Assets/PolygonWestern/Prefabs/Environments/SM_Env_Cactus_10.prefab using Guid(3fa438ca35fecfb4185d1e1a79c06df5) Importer(815301076,1909f56bfc062723c751e8b465ee728b)  -> (artifact id: '2cf0e5bd3a60bd85c1dd188aeda70f2e') in 0.025725 seconds 
========================================================================
Received Import Request.
  Time since last request: 0.000178 seconds.
  path: Assets/PolygonWestern/Prefabs/Environments/SM_Env_Cactus_11.prefab
  artifactKey: Guid(b4e6d6bd408e67241b9076b75cc1a6c6) Importer(815301076,1909f56bfc062723c751e8b465ee728b)
Start importing Assets/PolygonWestern/Prefabs/Environments/SM_Env_Cactus_11.prefab using Guid(b4e6d6bd408e67241b9076b75cc1a6c6) Importer(815301076,1909f56bfc062723c751e8b465ee728b)  -> (artifact id: '75f2feeef672a799971360526e565d14') in 0.024435 seconds 
========================================================================
Received Import Request.
  Time since last request: 0.000180 seconds.
  path: Assets/PolygonWestern/Prefabs/Environments/SM_Env_CampFire_01.prefab
  artifactKey: Guid(e096edc26537c4a47a9eb53762df9026) Importer(815301076,1909f56bfc062723c751e8b465ee728b)
Start importing Assets/PolygonWestern/Prefabs/Environments/SM_Env_CampFire_01.prefab using Guid(e096edc26537c4a47a9eb53762df9026) Importer(815301076,1909f56bfc062723c751e8b465ee728b)  -> (artifact id: '5752ba55836dee0d7b997e1082ba0f9e') in 0.028676 seconds 
========================================================================
Received Import Request.
  Time since last request: 0.000217 seconds.
  path: Assets/PolygonWestern/Prefabs/Environments/SM_Env_BackgroundCard_03.prefab
  artifactKey: Guid(ff8c1a24ee97b9340b90aaed635812e0) Importer(815301076,1909f56bfc062723c751e8b465ee728b)
Start importing Assets/PolygonWestern/Prefabs/Environments/SM_Env_BackgroundCard_03.prefab using Guid(ff8c1a24ee97b9340b90aaed635812e0) Importer(815301076,1909f56bfc062723c751e8b465ee728b)  -> (artifact id: '62585ada73a2d7d644cd63eed799d4b0') in 0.020359 seconds 
========================================================================
Received Import Request.
  Time since last request: 0.000202 seconds.
  path: Assets/PolygonWestern/Prefabs/Environments/SM_Env_Cliff_Pillar_01.prefab
  artifactKey: Guid(cb364f804680dc643b0092fa34e215cd) Importer(815301076,1909f56bfc062723c751e8b465ee728b)
Start importing Assets/PolygonWestern/Prefabs/Environments/SM_Env_Cliff_Pillar_01.prefab using Guid(cb364f804680dc643b0092fa34e215cd) Importer(815301076,1909f56bfc062723c751e8b465ee728b)  -> (artifact id: '58a7ff97829c2f47629cdda66aae2077') in 0.021508 seconds 
========================================================================
Received Import Request.
  Time since last request: 0.000207 seconds.
  path: Assets/PolygonWestern/Prefabs/Environments/SM_Env_Cactus_07.prefab
  artifactKey: Guid(c5db9871bf4e8e848b25e6459a532462) Importer(815301076,1909f56bfc062723c751e8b465ee728b)
Start importing Assets/PolygonWestern/Prefabs/Environments/SM_Env_Cactus_07.prefab using Guid(c5db9871bf4e8e848b25e6459a532462) Importer(815301076,1909f56bfc062723c751e8b465ee728b)  -> (artifact id: '4bd769affe300cf94074e41c8fe4a0d5') in 0.022659 seconds 
========================================================================
Received Import Request.
  Time since last request: 0.000205 seconds.
  path: Assets/PolygonWestern/Prefabs/Environments/SM_Env_Butte_03.prefab
  artifactKey: Guid(e9160d8c8aa651f4bb529af79d3df5b3) Importer(815301076,1909f56bfc062723c751e8b465ee728b)
Start importing Assets/PolygonWestern/Prefabs/Environments/SM_Env_Butte_03.prefab using Guid(e9160d8c8aa651f4bb529af79d3df5b3) Importer(815301076,1909f56bfc062723c751e8b465ee728b)  -> (artifact id: 'ab2dc1c5bbe0e80d9600e65a2b76c2cc') in 0.021977 seconds 
========================================================================
Received Import Request.
  Time since last request: 0.000148 seconds.
  path: Assets/PolygonWestern/Prefabs/Environments/SM_Env_Butte_01.prefab
  artifactKey: Guid(a10c6a38a5988d946909e1b71756d65f) Importer(815301076,1909f56bfc062723c751e8b465ee728b)
Start importing Assets/PolygonWestern/Prefabs/Environments/SM_Env_Butte_01.prefab using Guid(a10c6a38a5988d946909e1b71756d65f) Importer(815301076,1909f56bfc062723c751e8b465ee728b)  -> (artifact id: 'd3df5cd04cdb034a1469369e9cb67d83') in 0.020745 seconds 
========================================================================
Received Import Request.
  Time since last request: 0.000197 seconds.
  path: Assets/PolygonWestern/Prefabs/Environments/SM_Env_Butte_Base_03.prefab
  artifactKey: Guid(9cb69e30e92834a47be306d401fe1355) Importer(815301076,1909f56bfc062723c751e8b465ee728b)
Start importing Assets/PolygonWestern/Prefabs/Environments/SM_Env_Butte_Base_03.prefab using Guid(9cb69e30e92834a47be306d401fe1355) Importer(815301076,1909f56bfc062723c751e8b465ee728b)  -> (artifact id: '666bd2d08b5aadf9ab20ed8ae1060419') in 0.022374 seconds 
========================================================================
Received Import Request.
  Time since last request: 0.000169 seconds.
  path: Assets/PolygonWestern/Prefabs/Environments/SM_Env_Butte_02.prefab
  artifactKey: Guid(4f93dd837a4f7a54bb95d10ec4233866) Importer(815301076,1909f56bfc062723c751e8b465ee728b)
Start importing Assets/PolygonWestern/Prefabs/Environments/SM_Env_Butte_02.prefab using Guid(4f93dd837a4f7a54bb95d10ec4233866) Importer(815301076,1909f56bfc062723c751e8b465ee728b)  -> (artifact id: '392cbc5d368b675686ea6b9cfa73867e') in 0.022709 seconds 
========================================================================
Received Import Request.
  Time since last request: 0.000223 seconds.
  path: Assets/PolygonWestern/Prefabs/Environments/SM_Env_Cactus_01.prefab
  artifactKey: Guid(05a0c8e6b527de943bd4968427568c0b) Importer(815301076,1909f56bfc062723c751e8b465ee728b)
Start importing Assets/PolygonWestern/Prefabs/Environments/SM_Env_Cactus_01.prefab using Guid(05a0c8e6b527de943bd4968427568c0b) Importer(815301076,1909f56bfc062723c751e8b465ee728b)  -> (artifact id: '277e77667b09d3f43d0d68d90884ff94') in 0.024783 seconds 
========================================================================
Received Import Request.
  Time since last request: 0.000226 seconds.
  path: Assets/PolygonWestern/Prefabs/Environments/SM_Env_Cactus_06.prefab
  artifactKey: Guid(ac43085ba2aa598409392d1385a1ec2c) Importer(815301076,1909f56bfc062723c751e8b465ee728b)
Start importing Assets/PolygonWestern/Prefabs/Environments/SM_Env_Cactus_06.prefab using Guid(ac43085ba2aa598409392d1385a1ec2c) Importer(815301076,1909f56bfc062723c751e8b465ee728b)  -> (artifact id: 'fda5d2898617d686aa5d7a026aa2200c') in 0.023566 seconds 
========================================================================
Received Import Request.
  Time since last request: 0.000165 seconds.
  path: Assets/PolygonWestern/Prefabs/Environments/SM_Env_Cactus_08.prefab
  artifactKey: Guid(da6e746bf48e71d4da849aab5105c27a) Importer(815301076,1909f56bfc062723c751e8b465ee728b)
Start importing Assets/PolygonWestern/Prefabs/Environments/SM_Env_Cactus_08.prefab using Guid(da6e746bf48e71d4da849aab5105c27a) Importer(815301076,1909f56bfc062723c751e8b465ee728b)  -> (artifact id: '9e15ea1bc6d808ada41cf89853764567') in 0.022574 seconds 
========================================================================
Received Import Request.
  Time since last request: 0.000181 seconds.
  path: Assets/PolygonWestern/Prefabs/Environments/SM_Env_Cactus_13.prefab
  artifactKey: Guid(d0875601fc479f34e81d2c44a5d3ed2b) Importer(815301076,1909f56bfc062723c751e8b465ee728b)
Start importing Assets/PolygonWestern/Prefabs/Environments/SM_Env_Cactus_13.prefab using Guid(d0875601fc479f34e81d2c44a5d3ed2b) Importer(815301076,1909f56bfc062723c751e8b465ee728b)  -> (artifact id: 'bef1657f5dd7993c5efeca51890f168b') in 0.042061 seconds 
========================================================================
Received Import Request.
  Time since last request: 0.000185 seconds.
  path: Assets/PolygonWestern/Prefabs/Environments/SM_Env_Cactus_15.prefab
  artifactKey: Guid(2e3a851fb51f05946afa4156d0078cae) Importer(815301076,1909f56bfc062723c751e8b465ee728b)
Start importing Assets/PolygonWestern/Prefabs/Environments/SM_Env_Cactus_15.prefab using Guid(2e3a851fb51f05946afa4156d0078cae) Importer(815301076,1909f56bfc062723c751e8b465ee728b)  -> (artifact id: 'a082fa7301cf9cd6380131fce2756561') in 0.023381 seconds 
========================================================================
Received Import Request.
  Time since last request: 0.000196 seconds.
  path: Assets/PolygonWestern/Prefabs/Environments/SM_Env_Cliff_Arch_01.prefab
  artifactKey: Guid(f62fe323f60a06342bd729fa2b086eb6) Importer(815301076,1909f56bfc062723c751e8b465ee728b)
Start importing Assets/PolygonWestern/Prefabs/Environments/SM_Env_Cliff_Arch_01.prefab using Guid(f62fe323f60a06342bd729fa2b086eb6) Importer(815301076,1909f56bfc062723c751e8b465ee728b)  -> (artifact id: '74bcf778e6e314e37b882e0b984c49f2') in 0.023545 seconds 
========================================================================
Received Import Request.
  Time since last request: 0.000179 seconds.
  path: Assets/PolygonWestern/Prefabs/Environments/SM_Env_Butte_Base_01.prefab
  artifactKey: Guid(09fe488528bdf434694ecaa6bb101012) Importer(815301076,1909f56bfc062723c751e8b465ee728b)
Start importing Assets/PolygonWestern/Prefabs/Environments/SM_Env_Butte_Base_01.prefab using Guid(09fe488528bdf434694ecaa6bb101012) Importer(815301076,1909f56bfc062723c751e8b465ee728b)  -> (artifact id: 'd87d0b617d33dde25478051a3de65d27') in 0.022174 seconds 
========================================================================
Received Import Request.
  Time since last request: 0.000189 seconds.
  path: Assets/PolygonWestern/Prefabs/Environments/SM_Env_Cactus_05.prefab
  artifactKey: Guid(123ecdc0880ca01448a9da2643565fdb) Importer(815301076,1909f56bfc062723c751e8b465ee728b)
Start importing Assets/PolygonWestern/Prefabs/Environments/SM_Env_Cactus_05.prefab using Guid(123ecdc0880ca01448a9da2643565fdb) Importer(815301076,1909f56bfc062723c751e8b465ee728b)  -> (artifact id: '9d46086154f7c754de1b91347e5b5159') in 0.023641 seconds 
========================================================================
Received Import Request.
  Time since last request: 0.000173 seconds.
  path: Assets/PolygonWestern/Prefabs/Environments/SM_Env_BackgroundCards_Preset_01.prefab
  artifactKey: Guid(13965946c7fbbc64ebf335e90fc5bafe) Importer(815301076,1909f56bfc062723c751e8b465ee728b)
Start importing Assets/PolygonWestern/Prefabs/Environments/SM_Env_BackgroundCards_Preset_01.prefab using Guid(13965946c7fbbc64ebf335e90fc5bafe) Importer(815301076,1909f56bfc062723c751e8b465ee728b)  -> (artifact id: 'e966633a7ff2d3e3ee216315e5ab4d60') in 0.040727 seconds 
========================================================================
Received Import Request.
  Time since last request: 0.000203 seconds.
  path: Assets/PolygonWestern/Prefabs/Environments/SM_Env_Cliff_Curve_01.prefab
  artifactKey: Guid(121e039c2ec53564baf772ea1cef2c46) Importer(815301076,1909f56bfc062723c751e8b465ee728b)
Start importing Assets/PolygonWestern/Prefabs/Environments/SM_Env_Cliff_Curve_01.prefab using Guid(121e039c2ec53564baf772ea1cef2c46) Importer(815301076,1909f56bfc062723c751e8b465ee728b)  -> (artifact id: '55a69e5ed8401a8cb7e7429a564b1aeb') in 0.023189 seconds 
========================================================================
Received Import Request.
  Time since last request: 0.000182 seconds.
  path: Assets/PolygonWestern/Prefabs/Environments/SM_Env_Cliff_Arch_02.prefab
  artifactKey: Guid(75af83269130d2c4cae50b876f8f46e5) Importer(815301076,1909f56bfc062723c751e8b465ee728b)
Start importing Assets/PolygonWestern/Prefabs/Environments/SM_Env_Cliff_Arch_02.prefab using Guid(75af83269130d2c4cae50b876f8f46e5) Importer(815301076,1909f56bfc062723c751e8b465ee728b)  -> (artifact id: 'ebd34f8bde3554fda7c1eea19b86a74c') in 0.023552 seconds 
========================================================================
Received Import Request.
  Time since last request: 0.000197 seconds.
  path: Assets/PolygonWestern/Prefabs/Environments/SM_Env_Cactus_04.prefab
  artifactKey: Guid(9e68dc0bb41cce34a95d570210337d0d) Importer(815301076,1909f56bfc062723c751e8b465ee728b)
Start importing Assets/PolygonWestern/Prefabs/Environments/SM_Env_Cactus_04.prefab using Guid(9e68dc0bb41cce34a95d570210337d0d) Importer(815301076,1909f56bfc062723c751e8b465ee728b)  -> (artifact id: '5911e2ba6ac0e123dddc39e29b224690') in 0.022826 seconds 
========================================================================
Received Import Request.
  Time since last request: 0.000203 seconds.
  path: Assets/PolygonWestern/Prefabs/Environments/SM_Env_Cactus_12.prefab
  artifactKey: Guid(bf59775796a7bc841bd1f268ef13c565) Importer(815301076,1909f56bfc062723c751e8b465ee728b)
Start importing Assets/PolygonWestern/Prefabs/Environments/SM_Env_Cactus_12.prefab using Guid(bf59775796a7bc841bd1f268ef13c565) Importer(815301076,1909f56bfc062723c751e8b465ee728b)  -> (artifact id: 'a1d98e823da6390ce8413cfddd1c410c') in 0.027299 seconds 
========================================================================
Received Import Request.
  Time since last request: 0.000261 seconds.
  path: Assets/PolygonWestern/Prefabs/Environments/SM_Env_Cliff_Pillar_02.prefab
  artifactKey: Guid(e19ea22e2277a5e4ca8ca419c9841903) Importer(815301076,1909f56bfc062723c751e8b465ee728b)
Start importing Assets/PolygonWestern/Prefabs/Environments/SM_Env_Cliff_Pillar_02.prefab using Guid(e19ea22e2277a5e4ca8ca419c9841903) Importer(815301076,1909f56bfc062723c751e8b465ee728b)  -> (artifact id: '70b61dc5778539c6f9551569158c313d') in 0.024071 seconds 
========================================================================
Received Import Request.
  Time since last request: 0.000198 seconds.
  path: Assets/PolygonWestern/Prefabs/Environments/SM_Env_Cliff_Straight_01.prefab
  artifactKey: Guid(8d9d436bff30b474b91a12eed76d1548) Importer(815301076,1909f56bfc062723c751e8b465ee728b)
Start importing Assets/PolygonWestern/Prefabs/Environments/SM_Env_Cliff_Straight_01.prefab using Guid(8d9d436bff30b474b91a12eed76d1548) Importer(815301076,1909f56bfc062723c751e8b465ee728b)  -> (artifact id: 'caaad401d9b53973cc9a918c04425840') in 0.022605 seconds 
========================================================================
Received Import Request.
  Time since last request: 0.000178 seconds.
  path: Assets/PolygonWestern/Prefabs/Environments/SM_Env_Cliff_Cap_01.prefab
  artifactKey: Guid(1b10a92646ea552438a4ff62bd6b8706) Importer(815301076,1909f56bfc062723c751e8b465ee728b)
Start importing Assets/PolygonWestern/Prefabs/Environments/SM_Env_Cliff_Cap_01.prefab using Guid(1b10a92646ea552438a4ff62bd6b8706) Importer(815301076,1909f56bfc062723c751e8b465ee728b)  -> (artifact id: 'c6a9211918f4ef513f19a16a8100ba3f') in 0.029284 seconds 
========================================================================
Received Import Request.
  Time since last request: 5.184021 seconds.
  path: Assets/PolygonWestern/Prefabs/Environments/SM_Env_BackgroundCard_01.prefab
  artifactKey: Guid(92c9de48469b02e43be72cbbd5e69ee7) Importer(815301076,1909f56bfc062723c751e8b465ee728b)
Start importing Assets/PolygonWestern/Prefabs/Environments/SM_Env_BackgroundCard_01.prefab using Guid(92c9de48469b02e43be72cbbd5e69ee7) Importer(815301076,1909f56bfc062723c751e8b465ee728b)  -> (artifact id: '99cc87ca471bc84a43480be46e889be1') in 0.007341 seconds 
========================================================================
Received Import Request.
  Time since last request: 3.167821 seconds.
  path: Assets/PolygonWestern/Prefabs/Environments/SM_Env_Cliff_Straight_02.prefab
  artifactKey: Guid(1c8c6bed3438b9141b6c6e2eb548b815) Importer(815301076,1909f56bfc062723c751e8b465ee728b)
Start importing Assets/PolygonWestern/Prefabs/Environments/SM_Env_Cliff_Straight_02.prefab using Guid(1c8c6bed3438b9141b6c6e2eb548b815) Importer(815301076,1909f56bfc062723c751e8b465ee728b)  -> (artifact id: 'bf0b5db9c36912f254da7abb93286b30') in 0.032161 seconds 
========================================================================
Received Import Request.
  Time since last request: 7.070491 seconds.
  path: Assets/PolygonWestern/Prefabs/Environments/SM_Env_Cloud_01.prefab
  artifactKey: Guid(ec32c597cf6f65b489471082efb833ba) Importer(815301076,1909f56bfc062723c751e8b465ee728b)
Start importing Assets/PolygonWestern/Prefabs/Environments/SM_Env_Cloud_01.prefab using Guid(ec32c597cf6f65b489471082efb833ba) Importer(815301076,1909f56bfc062723c751e8b465ee728b)  -> (artifact id: '2d39d774e2f4f38fe09f2e15d9d2eac0') in 0.045158 seconds 
========================================================================
Received Import Request.
  Time since last request: 0.000166 seconds.
  path: Assets/PolygonWestern/Prefabs/Environments/SM_Env_DustPile_Large_03.prefab
  artifactKey: Guid(113c8ef618b06804185a8cd6397bab53) Importer(815301076,1909f56bfc062723c751e8b465ee728b)
Start importing Assets/PolygonWestern/Prefabs/Environments/SM_Env_DustPile_Large_03.prefab using Guid(113c8ef618b06804185a8cd6397bab53) Importer(815301076,1909f56bfc062723c751e8b465ee728b)  -> (artifact id: 'c28987181d3b52ddb00094399f851442') in 0.028508 seconds 
========================================================================
Received Import Request.
  Time since last request: 0.000218 seconds.
  path: Assets/PolygonWestern/Prefabs/Environments/SM_Env_Cloud_03.prefab
  artifactKey: Guid(5387a77a1b6992f409e6f9f5030db072) Importer(815301076,1909f56bfc062723c751e8b465ee728b)
Start importing Assets/PolygonWestern/Prefabs/Environments/SM_Env_Cloud_03.prefab using Guid(5387a77a1b6992f409e6f9f5030db072) Importer(815301076,1909f56bfc062723c751e8b465ee728b)  -> (artifact id: '57b1312996be73a991ff411041c048cb') in 0.037395 seconds 
========================================================================
Received Import Request.
  Time since last request: 0.000259 seconds.
  path: Assets/PolygonWestern/Prefabs/Environments/SM_Env_DustPile_Small_03.prefab
  artifactKey: Guid(d17cbb77ffadd914aaed38b8e3c3037d) Importer(815301076,1909f56bfc062723c751e8b465ee728b)
Start importing Assets/PolygonWestern/Prefabs/Environments/SM_Env_DustPile_Small_03.prefab using Guid(d17cbb77ffadd914aaed38b8e3c3037d) Importer(815301076,1909f56bfc062723c751e8b465ee728b)  -> (artifact id: 'bee27bee34911e56186246d97133dca8') in 0.038913 seconds 
========================================================================
Received Import Request.
  Time since last request: 0.000190 seconds.
  path: Assets/PolygonWestern/Prefabs/Environments/SM_Env_Grass_03.prefab
  artifactKey: Guid(0073fbd889b589048a843beac04e7e48) Importer(815301076,1909f56bfc062723c751e8b465ee728b)
Start importing Assets/PolygonWestern/Prefabs/Environments/SM_Env_Grass_03.prefab using Guid(0073fbd889b589048a843beac04e7e48) Importer(815301076,1909f56bfc062723c751e8b465ee728b)  -> (artifact id: '359d913133ea196ac7ab6f0a9fb90c35') in 0.025158 seconds 
========================================================================
Received Import Request.
  Time since last request: 0.000175 seconds.
  path: Assets/PolygonWestern/Prefabs/Environments/SM_Env_Sand_Ground_01.prefab
  artifactKey: Guid(3c544eee478f9ca47b7a7e2645103261) Importer(815301076,1909f56bfc062723c751e8b465ee728b)
Start importing Assets/PolygonWestern/Prefabs/Environments/SM_Env_Sand_Ground_01.prefab using Guid(3c544eee478f9ca47b7a7e2645103261) Importer(815301076,1909f56bfc062723c751e8b465ee728b)  -> (artifact id: 'b0c070472370026a1e716ff28b99dde6') in 0.025822 seconds 
========================================================================
Received Import Request.
  Time since last request: 0.000213 seconds.
  path: Assets/PolygonWestern/Prefabs/Environments/SM_Env_Rock_01.prefab
  artifactKey: Guid(a1c336c621bd6df4fb879d6c512289fe) Importer(815301076,1909f56bfc062723c751e8b465ee728b)
Start importing Assets/PolygonWestern/Prefabs/Environments/SM_Env_Rock_01.prefab using Guid(a1c336c621bd6df4fb879d6c512289fe) Importer(815301076,1909f56bfc062723c751e8b465ee728b)  -> (artifact id: '6bbc8b39c951ede94b559e42d304e336') in 0.024676 seconds 
========================================================================
Received Import Request.
  Time since last request: 0.000166 seconds.
  path: Assets/PolygonWestern/Prefabs/Environments/SM_Env_Rocks_02.prefab
  artifactKey: Guid(610309a373c4b7f46b12627b75a32511) Importer(815301076,1909f56bfc062723c751e8b465ee728b)
Start importing Assets/PolygonWestern/Prefabs/Environments/SM_Env_Rocks_02.prefab using Guid(610309a373c4b7f46b12627b75a32511) Importer(815301076,1909f56bfc062723c751e8b465ee728b)  -> (artifact id: '14bd91be508e9f61c17ed680d41ce1dd') in 0.023867 seconds 
========================================================================
Received Import Request.
  Time since last request: 0.000188 seconds.
  path: Assets/PolygonWestern/Prefabs/Environments/SM_Env_Rock_Round_03.prefab
  artifactKey: Guid(9f9ddff3c7b21614d9fc2821677a2fb0) Importer(815301076,1909f56bfc062723c751e8b465ee728b)
Start importing Assets/PolygonWestern/Prefabs/Environments/SM_Env_Rock_Round_03.prefab using Guid(9f9ddff3c7b21614d9fc2821677a2fb0) Importer(815301076,1909f56bfc062723c751e8b465ee728b)  -> (artifact id: '8221bb0ee32b7b45c646d1cb06418b60') in 0.022503 seconds 
========================================================================
Received Import Request.
  Time since last request: 0.000181 seconds.
  path: Assets/PolygonWestern/Prefabs/Environments/SM_Env_Sand_Ground_03.prefab
  artifactKey: Guid(f803fed3e5c371944bd9b8b739efae1b) Importer(815301076,1909f56bfc062723c751e8b465ee728b)
Start importing Assets/PolygonWestern/Prefabs/Environments/SM_Env_Sand_Ground_03.prefab using Guid(f803fed3e5c371944bd9b8b739efae1b) Importer(815301076,1909f56bfc062723c751e8b465ee728b)  -> (artifact id: '80ccfa9b6fb8635d9f1ead2b57e677b3') in 0.034261 seconds 
========================================================================
Received Import Request.
  Time since last request: 0.000199 seconds.
  path: Assets/PolygonWestern/Prefabs/Environments/SM_Env_DustPile_Small_04.prefab
  artifactKey: Guid(fa09460f8b6f0684db005b85cd453c7a) Importer(815301076,1909f56bfc062723c751e8b465ee728b)
Start importing Assets/PolygonWestern/Prefabs/Environments/SM_Env_DustPile_Small_04.prefab using Guid(fa09460f8b6f0684db005b85cd453c7a) Importer(815301076,1909f56bfc062723c751e8b465ee728b)  -> (artifact id: '72d1633ecd572423e3fd510bd0658aca') in 0.023150 seconds 
========================================================================
Received Import Request.
  Time since last request: 0.000175 seconds.
  path: Assets/PolygonWestern/Prefabs/Environments/SM_Env_Rock_Alt_02.prefab
  artifactKey: Guid(7f3f6657f9489934db6cfd86eca34803) Importer(815301076,1909f56bfc062723c751e8b465ee728b)
Start importing Assets/PolygonWestern/Prefabs/Environments/SM_Env_Rock_Alt_02.prefab using Guid(7f3f6657f9489934db6cfd86eca34803) Importer(815301076,1909f56bfc062723c751e8b465ee728b)  -> (artifact id: '108fb4f9f30e28253c7f1676cc0fab38') in 0.021044 seconds 
========================================================================
Received Import Request.
  Time since last request: 0.000179 seconds.
  path: Assets/PolygonWestern/Prefabs/Environments/SM_Env_DustPile_Small_01.prefab
  artifactKey: Guid(368e5975ab0d67747b7e7f3f7d60db03) Importer(815301076,1909f56bfc062723c751e8b465ee728b)
Start importing Assets/PolygonWestern/Prefabs/Environments/SM_Env_DustPile_Small_01.prefab using Guid(368e5975ab0d67747b7e7f3f7d60db03) Importer(815301076,1909f56bfc062723c751e8b465ee728b)  -> (artifact id: 'a73f6a071dee96b11498db78a4616c8f') in 0.022876 seconds 
========================================================================
Received Import Request.
  Time since last request: 0.000256 seconds.
  path: Assets/PolygonWestern/Prefabs/Environments/SM_Env_Road_Straight_01.prefab
  artifactKey: Guid(6ced95f04487bec4e81f51a934884b80) Importer(815301076,1909f56bfc062723c751e8b465ee728b)
Start importing Assets/PolygonWestern/Prefabs/Environments/SM_Env_Road_Straight_01.prefab using Guid(6ced95f04487bec4e81f51a934884b80) Importer(815301076,1909f56bfc062723c751e8b465ee728b)  -> (artifact id: '203474a91a40e320fd4fd11396cbd968') in 0.023134 seconds 
========================================================================
Received Import Request.
  Time since last request: 0.000176 seconds.
  path: Assets/PolygonWestern/Prefabs/Environments/SM_Env_Grass_01.prefab
  artifactKey: Guid(c933db8b77a3dbf41bbfbdf437dfaf8e) Importer(815301076,1909f56bfc062723c751e8b465ee728b)
Start importing Assets/PolygonWestern/Prefabs/Environments/SM_Env_Grass_01.prefab using Guid(c933db8b77a3dbf41bbfbdf437dfaf8e) Importer(815301076,1909f56bfc062723c751e8b465ee728b)  -> (artifact id: '8d66ce59a2049941bd1da20f436a0a7b') in 0.022142 seconds 
========================================================================
Received Import Request.
  Time since last request: 0.000166 seconds.
  path: Assets/PolygonWestern/Prefabs/Environments/SM_Env_Rocks_04.prefab
  artifactKey: Guid(e0f3b694b78c7104abefad3e5d939821) Importer(815301076,1909f56bfc062723c751e8b465ee728b)
Start importing Assets/PolygonWestern/Prefabs/Environments/SM_Env_Rocks_04.prefab using Guid(e0f3b694b78c7104abefad3e5d939821) Importer(815301076,1909f56bfc062723c751e8b465ee728b)  -> (artifact id: '4ed61f7ebc8e3700cb9edf52f5d4e137') in 0.020988 seconds 
========================================================================
Received Import Request.
  Time since last request: 0.000193 seconds.
  path: Assets/PolygonWestern/Prefabs/Environments/SM_Env_Sand_Ground_04.prefab
  artifactKey: Guid(b03d13b8c568a0e4e93644f3fa65171b) Importer(815301076,1909f56bfc062723c751e8b465ee728b)
Start importing Assets/PolygonWestern/Prefabs/Environments/SM_Env_Sand_Ground_04.prefab using Guid(b03d13b8c568a0e4e93644f3fa65171b) Importer(815301076,1909f56bfc062723c751e8b465ee728b)  -> (artifact id: '7aedd5853548f7b3014ca414bb666911') in 0.024480 seconds 
========================================================================
Received Import Request.
  Time since last request: 0.000180 seconds.
  path: Assets/PolygonWestern/Prefabs/Environments/SM_Env_Rocks_03.prefab
  artifactKey: Guid(c6651a3332db35b4aa67d830bc61152f) Importer(815301076,1909f56bfc062723c751e8b465ee728b)
Start importing Assets/PolygonWestern/Prefabs/Environments/SM_Env_Rocks_03.prefab using Guid(c6651a3332db35b4aa67d830bc61152f) Importer(815301076,1909f56bfc062723c751e8b465ee728b)  -> (artifact id: '6e7bf203aa6eda2a3b35dcb2b8841b7f') in 0.022333 seconds 
========================================================================
Received Import Request.
  Time since last request: 0.000198 seconds.
  path: Assets/PolygonWestern/Prefabs/Environments/SM_Env_DustPile_Large_02.prefab
  artifactKey: Guid(f36791e04fe916942a60757651385b46) Importer(815301076,1909f56bfc062723c751e8b465ee728b)
Start importing Assets/PolygonWestern/Prefabs/Environments/SM_Env_DustPile_Large_02.prefab using Guid(f36791e04fe916942a60757651385b46) Importer(815301076,1909f56bfc062723c751e8b465ee728b)  -> (artifact id: '3ef158a2062bb489ac9c12b99a476e8e') in 0.023253 seconds 
========================================================================
Received Import Request.
  Time since last request: 0.000182 seconds.
  path: Assets/PolygonWestern/Prefabs/Environments/SM_Env_DustPile_Small_02.prefab
  artifactKey: Guid(e97800b9d65860e46a9a6bf740dfeabe) Importer(815301076,1909f56bfc062723c751e8b465ee728b)
Start importing Assets/PolygonWestern/Prefabs/Environments/SM_Env_DustPile_Small_02.prefab using Guid(e97800b9d65860e46a9a6bf740dfeabe) Importer(815301076,1909f56bfc062723c751e8b465ee728b)  -> (artifact id: '52149664df6b93c9196c54a2c805e73f') in 0.022696 seconds 
========================================================================
Received Import Request.
  Time since last request: 0.000201 seconds.
  path: Assets/PolygonWestern/Prefabs/Environments/SM_Env_DustPile_Long_01.prefab
  artifactKey: Guid(e2504e573c8c3ca4087cc20025bdcd03) Importer(815301076,1909f56bfc062723c751e8b465ee728b)
Start importing Assets/PolygonWestern/Prefabs/Environments/SM_Env_DustPile_Long_01.prefab using Guid(e2504e573c8c3ca4087cc20025bdcd03) Importer(815301076,1909f56bfc062723c751e8b465ee728b)  -> (artifact id: '08daca4c3a89c83f8fe7422e1a1da039') in 0.021617 seconds 
========================================================================
Received Import Request.
  Time since last request: 0.000203 seconds.
  path: Assets/PolygonWestern/Prefabs/Environments/SM_Env_Sand_Ground_05.prefab
  artifactKey: Guid(0f5afd0a565c5644fb77d4600ba5d44a) Importer(815301076,1909f56bfc062723c751e8b465ee728b)
Start importing Assets/PolygonWestern/Prefabs/Environments/SM_Env_Sand_Ground_05.prefab using Guid(0f5afd0a565c5644fb77d4600ba5d44a) Importer(815301076,1909f56bfc062723c751e8b465ee728b)  -> (artifact id: 'ada6601971041752c4c941a9336391a8') in 0.023716 seconds 
========================================================================
Received Import Request.
  Time since last request: 0.000174 seconds.
  path: Assets/PolygonWestern/Prefabs/Environments/SM_Env_Train_Track_Bridge_Top_Curve_01.prefab
  artifactKey: Guid(be497f36d3699104384ba9458ca13c50) Importer(815301076,1909f56bfc062723c751e8b465ee728b)
Start importing Assets/PolygonWestern/Prefabs/Environments/SM_Env_Train_Track_Bridge_Top_Curve_01.prefab using Guid(be497f36d3699104384ba9458ca13c50) Importer(815301076,1909f56bfc062723c751e8b465ee728b)  -> (artifact id: 'c9a72fe2f71bc85dc6d8dca5e0e3db14') in 0.022537 seconds 
========================================================================
Received Import Request.
  Time since last request: 0.000146 seconds.
  path: Assets/PolygonWestern/Prefabs/Environments/SM_Env_TreeDead_02.prefab
  artifactKey: Guid(27359732a6cf128469a884754abfa7ae) Importer(815301076,1909f56bfc062723c751e8b465ee728b)
Start importing Assets/PolygonWestern/Prefabs/Environments/SM_Env_TreeDead_02.prefab using Guid(27359732a6cf128469a884754abfa7ae) Importer(815301076,1909f56bfc062723c751e8b465ee728b)  -> (artifact id: '1d8a26ee5053c7626ee59610fd339afe') in 0.024573 seconds 
========================================================================
Received Import Request.
  Time since last request: 0.000207 seconds.
  path: Assets/PolygonWestern/Prefabs/Environments/SM_Env_TreeDead_03.prefab
  artifactKey: Guid(7872fa5d1c5d9104b95158ff7e52074c) Importer(815301076,1909f56bfc062723c751e8b465ee728b)
Start importing Assets/PolygonWestern/Prefabs/Environments/SM_Env_TreeDead_03.prefab using Guid(7872fa5d1c5d9104b95158ff7e52074c) Importer(815301076,1909f56bfc062723c751e8b465ee728b)  -> (artifact id: 'd602dc1f4c58e273af0b7a25bd4070b1') in 0.020861 seconds 
========================================================================
Received Import Request.
  Time since last request: 0.000174 seconds.
  path: Assets/PolygonWestern/Prefabs/Environments/SM_Env_Train_Track_Bridge_Support_01.prefab
  artifactKey: Guid(13d19b99c4efdfb428c9da6581814044) Importer(815301076,1909f56bfc062723c751e8b465ee728b)
Start importing Assets/PolygonWestern/Prefabs/Environments/SM_Env_Train_Track_Bridge_Support_01.prefab using Guid(13d19b99c4efdfb428c9da6581814044) Importer(815301076,1909f56bfc062723c751e8b465ee728b)  -> (artifact id: 'f3014cd5e72b635e2b9cbc50c72f93c8') in 0.023456 seconds 
========================================================================
Received Import Request.
  Time since last request: 0.000169 seconds.
  path: Assets/PolygonWestern/Prefabs/Environments/SM_Env_DustPile_Long_02.prefab
  artifactKey: Guid(f843047e47f368e4b9c7826f36dd705d) Importer(815301076,1909f56bfc062723c751e8b465ee728b)
Start importing Assets/PolygonWestern/Prefabs/Environments/SM_Env_DustPile_Long_02.prefab using Guid(f843047e47f368e4b9c7826f36dd705d) Importer(815301076,1909f56bfc062723c751e8b465ee728b)  -> (artifact id: '3f2b84cee5b1cc94e0bb0530e2b01967') in 0.022758 seconds 
========================================================================
Received Import Request.
  Time since last request: 0.000197 seconds.
  path: Assets/PolygonWestern/Prefabs/Environments/SM_Env_Road_Patch_01.prefab
  artifactKey: Guid(1736047b30b9d7145b7b1f3f9545e278) Importer(815301076,1909f56bfc062723c751e8b465ee728b)
Start importing Assets/PolygonWestern/Prefabs/Environments/SM_Env_Road_Patch_01.prefab using Guid(1736047b30b9d7145b7b1f3f9545e278) Importer(815301076,1909f56bfc062723c751e8b465ee728b)  -> (artifact id: '601f3f7e7da26ad10f4a87c736df36fb') in 0.034958 seconds 
========================================================================
Received Import Request.
  Time since last request: 0.000169 seconds.
  path: Assets/PolygonWestern/Prefabs/Environments/SM_Env_Rock_Alt_01.prefab
  artifactKey: Guid(d1fff2559dd8e414cb4dfc2b788a10c7) Importer(815301076,1909f56bfc062723c751e8b465ee728b)
Start importing Assets/PolygonWestern/Prefabs/Environments/SM_Env_Rock_Alt_01.prefab using Guid(d1fff2559dd8e414cb4dfc2b788a10c7) Importer(815301076,1909f56bfc062723c751e8b465ee728b)  -> (artifact id: '53ed03ff039302f375b79b61aacf60a2') in 0.034009 seconds 
========================================================================
Received Import Request.
  Time since last request: 0.000177 seconds.
  path: Assets/PolygonWestern/Prefabs/Environments/SM_Env_Sand_Ground_02.prefab
  artifactKey: Guid(ffa07e3583b855246941e709137f6eea) Importer(815301076,1909f56bfc062723c751e8b465ee728b)
Start importing Assets/PolygonWestern/Prefabs/Environments/SM_Env_Sand_Ground_02.prefab using Guid(ffa07e3583b855246941e709137f6eea) Importer(815301076,1909f56bfc062723c751e8b465ee728b)  -> (artifact id: '50542945ae227161ef5438e984b5b069') in 0.022265 seconds 
========================================================================
Received Import Request.
  Time since last request: 0.000247 seconds.
  path: Assets/PolygonWestern/Prefabs/Environments/SM_Env_Grass_02.prefab
  artifactKey: Guid(db9394500aa1648438affd4d472ba82a) Importer(815301076,1909f56bfc062723c751e8b465ee728b)
Start importing Assets/PolygonWestern/Prefabs/Environments/SM_Env_Grass_02.prefab using Guid(db9394500aa1648438affd4d472ba82a) Importer(815301076,1909f56bfc062723c751e8b465ee728b)  -> (artifact id: '08871c0da0e73aa458391609a6000b95') in 0.021197 seconds 
========================================================================
Received Import Request.
  Time since last request: 0.000188 seconds.
  path: Assets/PolygonWestern/Prefabs/Environments/SM_Env_Train_Track_Straight_01.prefab
  artifactKey: Guid(04c852aad9fc0b44f9d3e1319fdbfd09) Importer(815301076,1909f56bfc062723c751e8b465ee728b)
Start importing Assets/PolygonWestern/Prefabs/Environments/SM_Env_Train_Track_Straight_01.prefab using Guid(04c852aad9fc0b44f9d3e1319fdbfd09) Importer(815301076,1909f56bfc062723c751e8b465ee728b)  -> (artifact id: 'c7333e57cddf6c1d96b49143c61f04df') in 0.022999 seconds 
========================================================================
Received Import Request.
  Time since last request: 0.000213 seconds.
  path: Assets/PolygonWestern/Prefabs/Environments/SM_Env_Train_Track_Curve_01.prefab
  artifactKey: Guid(45a2482876d3a49458bb3f38b77cb765) Importer(815301076,1909f56bfc062723c751e8b465ee728b)
Start importing Assets/PolygonWestern/Prefabs/Environments/SM_Env_Train_Track_Curve_01.prefab using Guid(45a2482876d3a49458bb3f38b77cb765) Importer(815301076,1909f56bfc062723c751e8b465ee728b)  -> (artifact id: '3c4a9b0074a2781a83f82a8216eb7ed5') in 0.023123 seconds 
========================================================================
Received Import Request.
  Time since last request: 0.000214 seconds.
  path: Assets/PolygonWestern/Prefabs/Environments/SM_Env_Rock_Round_02.prefab
  artifactKey: Guid(fe6cc77126dfa374883d81c5f9425ff1) Importer(815301076,1909f56bfc062723c751e8b465ee728b)
Start importing Assets/PolygonWestern/Prefabs/Environments/SM_Env_Rock_Round_02.prefab using Guid(fe6cc77126dfa374883d81c5f9425ff1) Importer(815301076,1909f56bfc062723c751e8b465ee728b)  -> (artifact id: 'a472f8a48d7303f8810076f89575e11a') in 0.021195 seconds 
========================================================================
Received Import Request.
  Time since last request: 0.000224 seconds.
  path: Assets/PolygonWestern/Prefabs/Environments/SM_Env_Rocks_01.prefab
  artifactKey: Guid(6d95802c08720fa44bd83b8dc684671d) Importer(815301076,1909f56bfc062723c751e8b465ee728b)
Start importing Assets/PolygonWestern/Prefabs/Environments/SM_Env_Rocks_01.prefab using Guid(6d95802c08720fa44bd83b8dc684671d) Importer(815301076,1909f56bfc062723c751e8b465ee728b)  -> (artifact id: '5ff857089288f10c48d2d000730a1614') in 0.022648 seconds 
========================================================================
Received Import Request.
  Time since last request: 0.000164 seconds.
  path: Assets/PolygonWestern/Prefabs/Environments/SM_Env_Train_Track_Bridge_Top_01.prefab
  artifactKey: Guid(8775010392441964e99ddb12d63a5e10) Importer(815301076,1909f56bfc062723c751e8b465ee728b)
Start importing Assets/PolygonWestern/Prefabs/Environments/SM_Env_Train_Track_Bridge_Top_01.prefab using Guid(8775010392441964e99ddb12d63a5e10) Importer(815301076,1909f56bfc062723c751e8b465ee728b)  -> (artifact id: 'f02f3cd4c002d0621237e271287ca934') in 0.022203 seconds 
========================================================================
Received Import Request.
  Time since last request: 0.000279 seconds.
  path: Assets/PolygonWestern/Prefabs/Environments/SM_Env_DustPile_Large_01.prefab
  artifactKey: Guid(83fbd1ca24b162b4b8a995b45c8a9e29) Importer(815301076,1909f56bfc062723c751e8b465ee728b)
Start importing Assets/PolygonWestern/Prefabs/Environments/SM_Env_DustPile_Large_01.prefab using Guid(83fbd1ca24b162b4b8a995b45c8a9e29) Importer(815301076,1909f56bfc062723c751e8b465ee728b)  -> (artifact id: 'af25e7b7a1b089dead41f1f7b9499083') in 0.020869 seconds 
========================================================================
Received Import Request.
  Time since last request: 0.000226 seconds.
  path: Assets/PolygonWestern/Prefabs/Environments/SM_Env_TreeDead_01.prefab
  artifactKey: Guid(11a8fca005aee104a87aa970da6ba9f7) Importer(815301076,1909f56bfc062723c751e8b465ee728b)
Start importing Assets/PolygonWestern/Prefabs/Environments/SM_Env_TreeDead_01.prefab using Guid(11a8fca005aee104a87aa970da6ba9f7) Importer(815301076,1909f56bfc062723c751e8b465ee728b)  -> (artifact id: '6947200ed2075a5b8afeb70657cff0e1') in 0.021956 seconds 
========================================================================
Received Import Request.
  Time since last request: 0.000165 seconds.
  path: Assets/PolygonWestern/Prefabs/Environments/SM_Env_Grave_01.prefab
  artifactKey: Guid(3cce5519d770f1247873704811c16cf0) Importer(815301076,1909f56bfc062723c751e8b465ee728b)
Start importing Assets/PolygonWestern/Prefabs/Environments/SM_Env_Grave_01.prefab using Guid(3cce5519d770f1247873704811c16cf0) Importer(815301076,1909f56bfc062723c751e8b465ee728b)  -> (artifact id: 'db703082fca33fe34a8d4ed6fc93c872') in 0.022220 seconds 
========================================================================
Received Import Request.
  Time since last request: 0.000163 seconds.
  path: Assets/PolygonWestern/Prefabs/Environments/SM_Env_Rock_Round_01.prefab
  artifactKey: Guid(e4b402567332fb249bf7fe623866d497) Importer(815301076,1909f56bfc062723c751e8b465ee728b)
Start importing Assets/PolygonWestern/Prefabs/Environments/SM_Env_Rock_Round_01.prefab using Guid(e4b402567332fb249bf7fe623866d497) Importer(815301076,1909f56bfc062723c751e8b465ee728b)  -> (artifact id: '0edfd266711d67704e1f95f70a832046') in 0.021515 seconds 
========================================================================
Received Import Request.
  Time since last request: 0.000165 seconds.
  path: Assets/PolygonWestern/Prefabs/Environments/SM_Env_Cloud_02.prefab
  artifactKey: Guid(bf7e228c4f7559445b61d3f1f4207327) Importer(815301076,1909f56bfc062723c751e8b465ee728b)
Start importing Assets/PolygonWestern/Prefabs/Environments/SM_Env_Cloud_02.prefab using Guid(bf7e228c4f7559445b61d3f1f4207327) Importer(815301076,1909f56bfc062723c751e8b465ee728b)  -> (artifact id: 'b9b93d5cdd4aeecba5f9de4ab8952a84') in 0.018105 seconds 
========================================================================
Received Import Request.
  Time since last request: 0.000172 seconds.
  path: Assets/PolygonWestern/Prefabs/Environments/SM_Env_Sand_Ground_06.prefab
  artifactKey: Guid(6fc86bcd020904044a931af912652050) Importer(815301076,1909f56bfc062723c751e8b465ee728b)
Start importing Assets/PolygonWestern/Prefabs/Environments/SM_Env_Sand_Ground_06.prefab using Guid(6fc86bcd020904044a931af912652050) Importer(815301076,1909f56bfc062723c751e8b465ee728b)  -> (artifact id: 'a0f4d2797397a2a8423dc867d0a2129a') in 0.021934 seconds 
========================================================================
Received Import Request.
  Time since last request: 0.000189 seconds.
  path: Assets/PolygonWestern/Prefabs/Environments/SM_Env_Rock_02.prefab
  artifactKey: Guid(151dd6ca79107c24b8049b4cf802b1a7) Importer(815301076,1909f56bfc062723c751e8b465ee728b)
Start importing Assets/PolygonWestern/Prefabs/Environments/SM_Env_Rock_02.prefab using Guid(151dd6ca79107c24b8049b4cf802b1a7) Importer(815301076,1909f56bfc062723c751e8b465ee728b)  -> (artifact id: 'f8e1b36759b3d6d3685d4e9eb88b2151') in 0.021823 seconds 
========================================================================
Received Import Request.
  Time since last request: 185.154404 seconds.
  path: Assets/Scripts
  artifactKey: Guid(c9d354fb78bb602438cc52dbf79a8222) Importer(815301076,1909f56bfc062723c751e8b465ee728b)
Start importing Assets/Scripts using Guid(c9d354fb78bb602438cc52dbf79a8222) Importer(815301076,1909f56bfc062723c751e8b465ee728b)  -> (artifact id: '34b59e998dafe874e7501641e07c7f89') in 0.006224 seconds 
========================================================================
Received Import Request.
  Time since last request: 5.087643 seconds.
  path: Assets/Scripts/SC_BackgroundScaler.cs
  artifactKey: Guid(afd79c97491573e46968262feca89b08) Importer(815301076,1909f56bfc062723c751e8b465ee728b)
Start importing Assets/Scripts/SC_BackgroundScaler.cs using Guid(afd79c97491573e46968262feca89b08) Importer(815301076,1909f56bfc062723c751e8b465ee728b)  -> (artifact id: '0ecb9a07536d3604b56f5aab149c9db3') in 0.057161 seconds 
========================================================================
Received Prepare
Registering precompiled user dll's ...
Registered in 0.006734 seconds.
Begin MonoManager ReloadAssembly
Symbol file LoadedFromMemory doesn't match image D:\Unity\Projects\Unit-14-Fps-Game\Library\PackageCache\com.unity.visualscripting@1.7.8\Editor\VisualScripting.Core\Dependencies\YamlDotNet\Unity.VisualScripting.YamlDotNet.dll
Symbol file LoadedFromMemory doesn't match image D:\Unity\Projects\Unit-14-Fps-Game\Library\PackageCache\com.unity.visualscripting@1.7.8\Editor\VisualScripting.Core\Dependencies\DotNetZip\Unity.VisualScripting.IonicZip.dll
Native extension for WindowsStandalone target not found
Refreshing native plugins compatible for Editor in 1.09 ms, found 3 plugins.
Preloading 0 native plugins for Editor in 0.00 ms.
Mono: successfully reloaded assembly
- Completed reload, in  1.197 seconds
Domain Reload Profiling:
	ReloadAssembly (1198ms)
		BeginReloadAssembly (195ms)
			ExecutionOrderSort (0ms)
			DisableScriptedObjects (4ms)
			BackupInstance (0ms)
			ReleaseScriptingObjects (0ms)
			CreateAndSetChildDomain (43ms)
		EndReloadAssembly (925ms)
			LoadAssemblies (172ms)
			RebuildTransferFunctionScriptingTraits (0ms)
			SetupTypeCache (382ms)
			ReleaseScriptCaches (1ms)
			RebuildScriptCaches (40ms)
			SetupLoadedEditorAssemblies (303ms)
				LogAssemblyErrors (0ms)
				InitializePlatformSupportModulesInManaged (5ms)
				SetLoadedEditorAssemblies (1ms)
				RefreshPlugins (1ms)
				BeforeProcessingInitializeOnLoad (46ms)
				ProcessInitializeOnLoadAttributes (239ms)
				ProcessInitializeOnLoadMethodAttributes (9ms)
				AfterProcessingInitializeOnLoad (2ms)
				EditorAssembliesLoaded (0ms)
			ExecutionOrderSort2 (0ms)
			AwakeInstancesAfterBackupRestoration (13ms)
Platform modules already initialized, skipping
Refreshing native plugins compatible for Editor in 0.94 ms, found 3 plugins.
Preloading 0 native plugins for Editor in 0.00 ms.
Unloading 3114 Unused Serialized files (Serialized files now loaded: 0)
System memory in use before: 131.7 MB.
System memory in use after: 132.0 MB.

Unloading 16 unused Assets to reduce memory usage. Loaded Objects now: 3638.
Total: 4.864000 ms (FindLiveObjects: 0.581000 ms CreateObjectMapping: 0.312100 ms MarkObjects: 3.939000 ms  DeleteObjects: 0.029900 ms)

AssetImportParameters requested are different than current active one (requested -> active):
  custom:framework-win-MediaFoundation: 216162199b28c13a410421893ffa2e32 -> 
  custom:video-decoder-ogg-theora: a1e56fd34408186e4bbccfd4996cb3dc -> 
  custom:container-muxer-webm: aa71ff27fc2769a1b78a27578f13a17b -> 
  custom:container-demuxer-webm: 4f35f7cbe854078d1ac9338744f61a02 -> 
  custom:container-demuxer-ogg: 62fdf1f143b41e24485cea50d1cbac27 -> 
  custom:video-encoder-webm-vp8: eb34c28f22e8b96e1ab97ce403110664 -> 
  custom:video-decoder-webm-vp8: 9c59270c3fd7afecdb556c50c9e8de78 -> 
  custom:audio-decoder-ogg-vorbis: bf7c407c2cedff20999df2af8eb42d56 -> 
  custom:audio-encoder-webm-vorbis: bf7c407c2cedff20999df2af8eb42d56 -> 
========================================================================
Received Prepare
Registering precompiled user dll's ...
Registered in 0.015983 seconds.
Begin MonoManager ReloadAssembly
Symbol file LoadedFromMemory doesn't match image D:\Unity\Projects\Unit-14-Fps-Game\Library\PackageCache\com.unity.visualscripting@1.7.8\Editor\VisualScripting.Core\Dependencies\YamlDotNet\Unity.VisualScripting.YamlDotNet.dll
Symbol file LoadedFromMemory doesn't match image D:\Unity\Projects\Unit-14-Fps-Game\Library\PackageCache\com.unity.visualscripting@1.7.8\Editor\VisualScripting.Core\Dependencies\DotNetZip\Unity.VisualScripting.IonicZip.dll
Native extension for WindowsStandalone target not found
Refreshing native plugins compatible for Editor in 1.19 ms, found 3 plugins.
Preloading 0 native plugins for Editor in 0.00 ms.
Mono: successfully reloaded assembly
- Completed reload, in  1.576 seconds
Domain Reload Profiling:
	ReloadAssembly (1576ms)
		BeginReloadAssembly (205ms)
			ExecutionOrderSort (0ms)
			DisableScriptedObjects (7ms)
			BackupInstance (0ms)
			ReleaseScriptingObjects (0ms)
			CreateAndSetChildDomain (53ms)
		EndReloadAssembly (1297ms)
			LoadAssemblies (181ms)
			RebuildTransferFunctionScriptingTraits (0ms)
			SetupTypeCache (448ms)
			ReleaseScriptCaches (2ms)
			RebuildScriptCaches (49ms)
			SetupLoadedEditorAssemblies (532ms)
				LogAssemblyErrors (0ms)
				InitializePlatformSupportModulesInManaged (6ms)
				SetLoadedEditorAssemblies (1ms)
				RefreshPlugins (1ms)
				BeforeProcessingInitializeOnLoad (69ms)
				ProcessInitializeOnLoadAttributes (430ms)
				ProcessInitializeOnLoadMethodAttributes (21ms)
				AfterProcessingInitializeOnLoad (3ms)
				EditorAssembliesLoaded (0ms)
			ExecutionOrderSort2 (0ms)
			AwakeInstancesAfterBackupRestoration (25ms)
Platform modules already initialized, skipping
Refreshing native plugins compatible for Editor in 1.25 ms, found 3 plugins.
Preloading 0 native plugins for Editor in 0.00 ms.
Unloading 3113 Unused Serialized files (Serialized files now loaded: 0)
System memory in use before: 131.7 MB.
System memory in use after: 132.0 MB.

Unloading 16 unused Assets to reduce memory usage. Loaded Objects now: 3641.
Total: 3.660400 ms (FindLiveObjects: 0.386400 ms CreateObjectMapping: 0.097400 ms MarkObjects: 3.145800 ms  DeleteObjects: 0.029300 ms)

AssetImportParameters requested are different than current active one (requested -> active):
  custom:framework-win-MediaFoundation: 216162199b28c13a410421893ffa2e32 -> 
  custom:video-decoder-ogg-theora: a1e56fd34408186e4bbccfd4996cb3dc -> 
  custom:container-muxer-webm: aa71ff27fc2769a1b78a27578f13a17b -> 
  custom:container-demuxer-webm: 4f35f7cbe854078d1ac9338744f61a02 -> 
  custom:container-demuxer-ogg: 62fdf1f143b41e24485cea50d1cbac27 -> 
  custom:video-encoder-webm-vp8: eb34c28f22e8b96e1ab97ce403110664 -> 
  custom:video-decoder-webm-vp8: 9c59270c3fd7afecdb556c50c9e8de78 -> 
  custom:audio-decoder-ogg-vorbis: bf7c407c2cedff20999df2af8eb42d56 -> 
  custom:audio-encoder-webm-vorbis: bf7c407c2cedff20999df2af8eb42d56 -> 
========================================================================
Received Import Request.
  Time since last request: 51.388506 seconds.
  path: Assets/Scripts/SC_BackgroundScaler.cs
  artifactKey: Guid(afd79c97491573e46968262feca89b08) Importer(815301076,1909f56bfc062723c751e8b465ee728b)
Start importing Assets/Scripts/SC_BackgroundScaler.cs using Guid(afd79c97491573e46968262feca89b08) Importer(815301076,1909f56bfc062723c751e8b465ee728b)  -> (artifact id: '3a52a1d7a7eca51c49b038fbc8742730') in 0.007721 seconds 
========================================================================
Received Import Request.
  Time since last request: 643.017152 seconds.
  path: Assets/Scripts/SC_MainMenu.cs
  artifactKey: Guid(7534edde962bcc14f90f939208ac8fe5) Importer(815301076,1909f56bfc062723c751e8b465ee728b)
Start importing Assets/Scripts/SC_MainMenu.cs using Guid(7534edde962bcc14f90f939208ac8fe5) Importer(815301076,1909f56bfc062723c751e8b465ee728b)  -> (artifact id: 'c8fec09de667cdf63bf6ed7d220ee34c') in 0.009791 seconds 
========================================================================
Received Prepare
Registering precompiled user dll's ...
Registered in 0.006583 seconds.
Begin MonoManager ReloadAssembly
Symbol file LoadedFromMemory doesn't match image D:\Unity\Projects\Unit-14-Fps-Game\Library\PackageCache\com.unity.visualscripting@1.7.8\Editor\VisualScripting.Core\Dependencies\YamlDotNet\Unity.VisualScripting.YamlDotNet.dll
Symbol file LoadedFromMemory doesn't match image D:\Unity\Projects\Unit-14-Fps-Game\Library\PackageCache\com.unity.visualscripting@1.7.8\Editor\VisualScripting.Core\Dependencies\DotNetZip\Unity.VisualScripting.IonicZip.dll
Native extension for WindowsStandalone target not found
Refreshing native plugins compatible for Editor in 0.96 ms, found 3 plugins.
Preloading 0 native plugins for Editor in 0.00 ms.
Mono: successfully reloaded assembly
- Completed reload, in  1.265 seconds
Domain Reload Profiling:
	ReloadAssembly (1266ms)
		BeginReloadAssembly (274ms)
			ExecutionOrderSort (0ms)
			DisableScriptedObjects (18ms)
			BackupInstance (0ms)
			ReleaseScriptingObjects (0ms)
			CreateAndSetChildDomain (87ms)
		EndReloadAssembly (923ms)
			LoadAssemblies (179ms)
			RebuildTransferFunctionScriptingTraits (0ms)
			SetupTypeCache (374ms)
			ReleaseScriptCaches (1ms)
			RebuildScriptCaches (38ms)
			SetupLoadedEditorAssemblies (294ms)
				LogAssemblyErrors (0ms)
				InitializePlatformSupportModulesInManaged (5ms)
				SetLoadedEditorAssemblies (0ms)
				RefreshPlugins (1ms)
				BeforeProcessingInitializeOnLoad (50ms)
				ProcessInitializeOnLoadAttributes (224ms)
				ProcessInitializeOnLoadMethodAttributes (11ms)
				AfterProcessingInitializeOnLoad (3ms)
				EditorAssembliesLoaded (0ms)
			ExecutionOrderSort2 (0ms)
			AwakeInstancesAfterBackupRestoration (13ms)
Platform modules already initialized, skipping
Refreshing native plugins compatible for Editor in 0.92 ms, found 3 plugins.
Preloading 0 native plugins for Editor in 0.00 ms.
Unloading 3114 Unused Serialized files (Serialized files now loaded: 0)
System memory in use before: 131.8 MB.
System memory in use after: 132.0 MB.

Unloading 16 unused Assets to reduce memory usage. Loaded Objects now: 3645.
Total: 4.214000 ms (FindLiveObjects: 0.485200 ms CreateObjectMapping: 0.118700 ms MarkObjects: 3.576800 ms  DeleteObjects: 0.031700 ms)

AssetImportParameters requested are different than current active one (requested -> active):
  custom:framework-win-MediaFoundation: 216162199b28c13a410421893ffa2e32 -> 
  custom:video-decoder-ogg-theora: a1e56fd34408186e4bbccfd4996cb3dc -> 
  custom:container-muxer-webm: aa71ff27fc2769a1b78a27578f13a17b -> 
  custom:container-demuxer-webm: 4f35f7cbe854078d1ac9338744f61a02 -> 
  custom:container-demuxer-ogg: 62fdf1f143b41e24485cea50d1cbac27 -> 
  custom:video-encoder-webm-vp8: eb34c28f22e8b96e1ab97ce403110664 -> 
  custom:video-decoder-webm-vp8: 9c59270c3fd7afecdb556c50c9e8de78 -> 
  custom:audio-decoder-ogg-vorbis: bf7c407c2cedff20999df2af8eb42d56 -> 
  custom:audio-encoder-webm-vorbis: bf7c407c2cedff20999df2af8eb42d56 -> 
========================================================================
Received Prepare
Registering precompiled user dll's ...
Registered in 0.005239 seconds.
Begin MonoManager ReloadAssembly
Symbol file LoadedFromMemory doesn't match image D:\Unity\Projects\Unit-14-Fps-Game\Library\PackageCache\com.unity.visualscripting@1.7.8\Editor\VisualScripting.Core\Dependencies\YamlDotNet\Unity.VisualScripting.YamlDotNet.dll
Symbol file LoadedFromMemory doesn't match image D:\Unity\Projects\Unit-14-Fps-Game\Library\PackageCache\com.unity.visualscripting@1.7.8\Editor\VisualScripting.Core\Dependencies\DotNetZip\Unity.VisualScripting.IonicZip.dll
Native extension for WindowsStandalone target not found
Refreshing native plugins compatible for Editor in 0.96 ms, found 3 plugins.
Preloading 0 native plugins for Editor in 0.00 ms.
Mono: successfully reloaded assembly
- Completed reload, in  1.051 seconds
Domain Reload Profiling:
	ReloadAssembly (1051ms)
		BeginReloadAssembly (159ms)
			ExecutionOrderSort (0ms)
			DisableScriptedObjects (5ms)
			BackupInstance (0ms)
			ReleaseScriptingObjects (0ms)
			CreateAndSetChildDomain (37ms)
		EndReloadAssembly (836ms)
			LoadAssemblies (141ms)
			RebuildTransferFunctionScriptingTraits (0ms)
			SetupTypeCache (326ms)
			ReleaseScriptCaches (1ms)
			RebuildScriptCaches (42ms)
			SetupLoadedEditorAssemblies (263ms)
				LogAssemblyErrors (0ms)
				InitializePlatformSupportModulesInManaged (4ms)
				SetLoadedEditorAssemblies (0ms)
				RefreshPlugins (1ms)
				BeforeProcessingInitializeOnLoad (48ms)
				ProcessInitializeOnLoadAttributes (196ms)
				ProcessInitializeOnLoadMethodAttributes (11ms)
				AfterProcessingInitializeOnLoad (2ms)
				EditorAssembliesLoaded (0ms)
			ExecutionOrderSort2 (0ms)
			AwakeInstancesAfterBackupRestoration (15ms)
Platform modules already initialized, skipping
Refreshing native plugins compatible for Editor in 0.73 ms, found 3 plugins.
Preloading 0 native plugins for Editor in 0.00 ms.
Unloading 3114 Unused Serialized files (Serialized files now loaded: 0)
System memory in use before: 131.8 MB.
System memory in use after: 132.0 MB.

Unloading 16 unused Assets to reduce memory usage. Loaded Objects now: 3648.
Total: 3.257600 ms (FindLiveObjects: 0.385800 ms CreateObjectMapping: 0.081300 ms MarkObjects: 2.767600 ms  DeleteObjects: 0.021300 ms)

AssetImportParameters requested are different than current active one (requested -> active):
  custom:framework-win-MediaFoundation: 216162199b28c13a410421893ffa2e32 -> 
  custom:video-decoder-ogg-theora: a1e56fd34408186e4bbccfd4996cb3dc -> 
  custom:container-muxer-webm: aa71ff27fc2769a1b78a27578f13a17b -> 
  custom:container-demuxer-webm: 4f35f7cbe854078d1ac9338744f61a02 -> 
  custom:container-demuxer-ogg: 62fdf1f143b41e24485cea50d1cbac27 -> 
  custom:video-encoder-webm-vp8: eb34c28f22e8b96e1ab97ce403110664 -> 
  custom:video-decoder-webm-vp8: 9c59270c3fd7afecdb556c50c9e8de78 -> 
  custom:audio-decoder-ogg-vorbis: bf7c407c2cedff20999df2af8eb42d56 -> 
  custom:audio-encoder-webm-vorbis: bf7c407c2cedff20999df2af8eb42d56 -> 
========================================================================
Received Import Request.
  Time since last request: 28.815729 seconds.
  path: Assets/Scripts/SC_MainMenu.cs
  artifactKey: Guid(7534edde962bcc14f90f939208ac8fe5) Importer(815301076,1909f56bfc062723c751e8b465ee728b)
Start importing Assets/Scripts/SC_MainMenu.cs using Guid(7534edde962bcc14f90f939208ac8fe5) Importer(815301076,1909f56bfc062723c751e8b465ee728b)  -> (artifact id: '28b186d938e017a8f584e318a55e4825') in 0.007066 seconds 
========================================================================
Received Import Request.
  Time since last request: 87.648555 seconds.
  path: Packages/com.unity.services.core/Editor/Core/UiHelpers/UXML/AccessTokenError.uxml
  artifactKey: Guid(9bbe9fb6e9537684cac89a4e82cf3d63) Importer(815301076,1909f56bfc062723c751e8b465ee728b)
Start importing Packages/com.unity.services.core/Editor/Core/UiHelpers/UXML/AccessTokenError.uxml using Guid(9bbe9fb6e9537684cac89a4e82cf3d63) Importer(815301076,1909f56bfc062723c751e8b465ee728b)  -> (artifact id: '881d24b4bf639c31750a596702c9d503') in 0.043514 seconds 
========================================================================
Received Import Request.
  Time since last request: 4.838380 seconds.
  path: Assets/SimplePeople/Animations/Animations.fbx
  artifactKey: Guid(d55a3dafe23105e409ee70d6605cbd49) Importer(815301076,1909f56bfc062723c751e8b465ee728b)
Start importing Assets/SimplePeople/Animations/Animations.fbx using Guid(d55a3dafe23105e409ee70d6605cbd49) Importer(815301076,1909f56bfc062723c751e8b465ee728b)  -> (artifact id: '41d306218261fea09764d31c7f46dc55') in 0.066449 seconds 
========================================================================
Received Import Request.
  Time since last request: 0.029284 seconds.
  path: Assets/SimplePeople/Animations/Animations_IK.fbx
  artifactKey: Guid(6e4b26fde7f77c046bed3bb532de26f1) Importer(815301076,1909f56bfc062723c751e8b465ee728b)
Start importing Assets/SimplePeople/Animations/Animations_IK.fbx using Guid(6e4b26fde7f77c046bed3bb532de26f1) Importer(815301076,1909f56bfc062723c751e8b465ee728b)  -> (artifact id: '0aba2832d236fd3d6fbd05f86aa5956e') in 0.023737 seconds 
========================================================================
Received Import Request.
  Time since last request: 0.000318 seconds.
  path: Assets/SimplePeople/Animations/Animations_Static.fbx
  artifactKey: Guid(7039333667ba45840b1411867278ee2e) Importer(815301076,1909f56bfc062723c751e8b465ee728b)
Start importing Assets/SimplePeople/Animations/Animations_Static.fbx using Guid(7039333667ba45840b1411867278ee2e) Importer(815301076,1909f56bfc062723c751e8b465ee728b)  -> (artifact id: '4edbd12b5d930ec7871be92fa07d9432') in 0.017160 seconds 
========================================================================
Received Import Request.
  Time since last request: 173.696073 seconds.
  path: Assets/Scenes/MenuScene.unity
  artifactKey: Guid(e34a81904e17a3843b375646aafc8436) Importer(815301076,1909f56bfc062723c751e8b465ee728b)
Start importing Assets/Scenes/MenuScene.unity using Guid(e34a81904e17a3843b375646aafc8436) Importer(815301076,1909f56bfc062723c751e8b465ee728b)  -> (artifact id: 'e0425246047497b28df7152ec0e1a28f') in 0.010103 seconds 
========================================================================
Received Import Request.
  Time since last request: 12.027946 seconds.
  path: Assets/Scenes/SampleScene.unity
  artifactKey: Guid(9fc0d4010bbf28b4594072e72b8655ab) Importer(815301076,1909f56bfc062723c751e8b465ee728b)
Start importing Assets/Scenes/SampleScene.unity using Guid(9fc0d4010bbf28b4594072e72b8655ab) Importer(815301076,1909f56bfc062723c751e8b465ee728b)  -> (artifact id: 'ae58407ff3d7764a84788d1d4cf241f5') in 0.003974 seconds 
========================================================================
Received Import Request.
  Time since last request: 23.085538 seconds.
  path: Assets/Scenes/MenuScene.unity
  artifactKey: Guid(e34a81904e17a3843b375646aafc8436) Importer(815301076,1909f56bfc062723c751e8b465ee728b)
Start importing Assets/Scenes/MenuScene.unity using Guid(e34a81904e17a3843b375646aafc8436) Importer(815301076,1909f56bfc062723c751e8b465ee728b)  -> (artifact id: '1691ae5e41317a57c66e5cb2173ec8aa') in 0.004073 seconds 
========================================================================
Received Import Request.
  Time since last request: 8.578316 seconds.
  path: Assets/Scenes/SampleScene.unity
  artifactKey: Guid(9fc0d4010bbf28b4594072e72b8655ab) Importer(815301076,1909f56bfc062723c751e8b465ee728b)
Start importing Assets/Scenes/SampleScene.unity using Guid(9fc0d4010bbf28b4594072e72b8655ab) Importer(815301076,1909f56bfc062723c751e8b465ee728b)  -> (artifact id: 'f148984dd3384184b3c66d2efd6745a0') in 0.004200 seconds 
========================================================================
Received Prepare
Registering precompiled user dll's ...
Registered in 0.006473 seconds.
Begin MonoManager ReloadAssembly
Symbol file LoadedFromMemory doesn't match image D:\Unity\Projects\Unit-14-Fps-Game\Library\PackageCache\com.unity.visualscripting@1.7.8\Editor\VisualScripting.Core\Dependencies\YamlDotNet\Unity.VisualScripting.YamlDotNet.dll
Symbol file LoadedFromMemory doesn't match image D:\Unity\Projects\Unit-14-Fps-Game\Library\PackageCache\com.unity.visualscripting@1.7.8\Editor\VisualScripting.Core\Dependencies\DotNetZip\Unity.VisualScripting.IonicZip.dll
Native extension for WindowsStandalone target not found
Refreshing native plugins compatible for Editor in 0.93 ms, found 3 plugins.
Preloading 0 native plugins for Editor in 0.00 ms.
Mono: successfully reloaded assembly
- Completed reload, in  1.087 seconds
Domain Reload Profiling:
	ReloadAssembly (1088ms)
		BeginReloadAssembly (161ms)
			ExecutionOrderSort (0ms)
			DisableScriptedObjects (8ms)
			BackupInstance (0ms)
			ReleaseScriptingObjects (0ms)
			CreateAndSetChildDomain (44ms)
		EndReloadAssembly (873ms)
			LoadAssemblies (126ms)
			RebuildTransferFunctionScriptingTraits (0ms)
			SetupTypeCache (320ms)
			ReleaseScriptCaches (1ms)
			RebuildScriptCaches (40ms)
			SetupLoadedEditorAssemblies (276ms)
				LogAssemblyErrors (0ms)
				InitializePlatformSupportModulesInManaged (4ms)
				SetLoadedEditorAssemblies (0ms)
				RefreshPlugins (1ms)
				BeforeProcessingInitializeOnLoad (45ms)
				ProcessInitializeOnLoadAttributes (214ms)
				ProcessInitializeOnLoadMethodAttributes (10ms)
				AfterProcessingInitializeOnLoad (2ms)
				EditorAssembliesLoaded (0ms)
			ExecutionOrderSort2 (0ms)
			AwakeInstancesAfterBackupRestoration (12ms)
Platform modules already initialized, skipping
Refreshing native plugins compatible for Editor in 0.77 ms, found 3 plugins.
Preloading 0 native plugins for Editor in 0.00 ms.
Unloading 3114 Unused Serialized files (Serialized files now loaded: 0)
System memory in use before: 131.9 MB.
System memory in use after: 132.1 MB.

Unloading 16 unused Assets to reduce memory usage. Loaded Objects now: 3651.
Total: 3.422400 ms (FindLiveObjects: 0.380700 ms CreateObjectMapping: 0.077800 ms MarkObjects: 2.939000 ms  DeleteObjects: 0.023500 ms)

AssetImportParameters requested are different than current active one (requested -> active):
  custom:framework-win-MediaFoundation: 216162199b28c13a410421893ffa2e32 -> 
  custom:video-decoder-ogg-theora: a1e56fd34408186e4bbccfd4996cb3dc -> 
  custom:container-muxer-webm: aa71ff27fc2769a1b78a27578f13a17b -> 
  custom:container-demuxer-webm: 4f35f7cbe854078d1ac9338744f61a02 -> 
  custom:container-demuxer-ogg: 62fdf1f143b41e24485cea50d1cbac27 -> 
  custom:video-encoder-webm-vp8: eb34c28f22e8b96e1ab97ce403110664 -> 
  custom:video-decoder-webm-vp8: 9c59270c3fd7afecdb556c50c9e8de78 -> 
  custom:audio-decoder-ogg-vorbis: bf7c407c2cedff20999df2af8eb42d56 -> 
  custom:audio-encoder-webm-vorbis: bf7c407c2cedff20999df2af8eb42d56 -> 
========================================================================
Received Prepare
Registering precompiled user dll's ...
Registered in 0.005254 seconds.
Begin MonoManager ReloadAssembly
Symbol file LoadedFromMemory doesn't match image D:\Unity\Projects\Unit-14-Fps-Game\Library\PackageCache\com.unity.visualscripting@1.7.8\Editor\VisualScripting.Core\Dependencies\YamlDotNet\Unity.VisualScripting.YamlDotNet.dll
Symbol file LoadedFromMemory doesn't match image D:\Unity\Projects\Unit-14-Fps-Game\Library\PackageCache\com.unity.visualscripting@1.7.8\Editor\VisualScripting.Core\Dependencies\DotNetZip\Unity.VisualScripting.IonicZip.dll
Native extension for WindowsStandalone target not found
Refreshing native plugins compatible for Editor in 0.67 ms, found 3 plugins.
Preloading 0 native plugins for Editor in 0.00 ms.
Mono: successfully reloaded assembly
- Completed reload, in  0.982 seconds
Domain Reload Profiling:
	ReloadAssembly (983ms)
		BeginReloadAssembly (146ms)
			ExecutionOrderSort (0ms)
			DisableScriptedObjects (6ms)
			BackupInstance (0ms)
			ReleaseScriptingObjects (0ms)
			CreateAndSetChildDomain (35ms)
		EndReloadAssembly (782ms)
			LoadAssemblies (131ms)
			RebuildTransferFunctionScriptingTraits (0ms)
			SetupTypeCache (315ms)
			ReleaseScriptCaches (1ms)
			RebuildScriptCaches (38ms)
			SetupLoadedEditorAssemblies (240ms)
				LogAssemblyErrors (0ms)
				InitializePlatformSupportModulesInManaged (4ms)
				SetLoadedEditorAssemblies (0ms)
				RefreshPlugins (1ms)
				BeforeProcessingInitializeOnLoad (43ms)
				ProcessInitializeOnLoadAttributes (181ms)
				ProcessInitializeOnLoadMethodAttributes (9ms)
				AfterProcessingInitializeOnLoad (2ms)
				EditorAssembliesLoaded (0ms)
			ExecutionOrderSort2 (0ms)
			AwakeInstancesAfterBackupRestoration (13ms)
Platform modules already initialized, skipping
Refreshing native plugins compatible for Editor in 0.73 ms, found 3 plugins.
Preloading 0 native plugins for Editor in 0.00 ms.
Unloading 3114 Unused Serialized files (Serialized files now loaded: 0)
System memory in use before: 131.9 MB.
System memory in use after: 132.1 MB.

Unloading 16 unused Assets to reduce memory usage. Loaded Objects now: 3654.
Total: 3.430100 ms (FindLiveObjects: 0.324000 ms CreateObjectMapping: 0.077600 ms MarkObjects: 3.007800 ms  DeleteObjects: 0.019500 ms)

AssetImportParameters requested are different than current active one (requested -> active):
  custom:framework-win-MediaFoundation: 216162199b28c13a410421893ffa2e32 -> 
  custom:video-decoder-ogg-theora: a1e56fd34408186e4bbccfd4996cb3dc -> 
  custom:container-muxer-webm: aa71ff27fc2769a1b78a27578f13a17b -> 
  custom:container-demuxer-webm: 4f35f7cbe854078d1ac9338744f61a02 -> 
  custom:container-demuxer-ogg: 62fdf1f143b41e24485cea50d1cbac27 -> 
  custom:video-encoder-webm-vp8: eb34c28f22e8b96e1ab97ce403110664 -> 
  custom:video-decoder-webm-vp8: 9c59270c3fd7afecdb556c50c9e8de78 -> 
  custom:audio-decoder-ogg-vorbis: bf7c407c2cedff20999df2af8eb42d56 -> 
  custom:audio-encoder-webm-vorbis: bf7c407c2cedff20999df2af8eb42d56 -> 
========================================================================
Received Import Request.
  Time since last request: 179.393248 seconds.
  path: Assets/Prefabs
  artifactKey: Guid(4a8360643c50ad04c975c99b0b8f18d5) Importer(815301076,1909f56bfc062723c751e8b465ee728b)
Start importing Assets/Prefabs using Guid(4a8360643c50ad04c975c99b0b8f18d5) Importer(815301076,1909f56bfc062723c751e8b465ee728b)  -> (artifact id: '6e0148e290337e1c43ac21f35f6440c6') in 0.015912 seconds 
========================================================================
Received Import Request.
  Time since last request: 0.000316 seconds.
  path: Assets/Prefabs/Bullet.prefab
  artifactKey: Guid(f122cc9ce60fb894388687f5a703988e) Importer(815301076,1909f56bfc062723c751e8b465ee728b)
Start importing Assets/Prefabs/Bullet.prefab using Guid(f122cc9ce60fb894388687f5a703988e) Importer(815301076,1909f56bfc062723c751e8b465ee728b)  -> (artifact id: '2ec249adcfa107f4ac489d70d550c78f') in 0.109908 seconds 
========================================================================
Received Import Request.
  Time since last request: 0.000206 seconds.
  path: Assets/Prefabs/EnemyProj.prefab
  artifactKey: Guid(576164f1a423f9b4ebfa730bceb0bee9) Importer(815301076,1909f56bfc062723c751e8b465ee728b)
Start importing Assets/Prefabs/EnemyProj.prefab using Guid(576164f1a423f9b4ebfa730bceb0bee9) Importer(815301076,1909f56bfc062723c751e8b465ee728b)  -> (artifact id: '3bbe74f23b9840ce4cea1d0c36d45c8c') in 0.014934 seconds 
========================================================================
Received Import Request.
  Time since last request: 0.000228 seconds.
  path: Assets/Prefabs/Enemy.prefab
  artifactKey: Guid(02377f12b7644a747a8a9102a0bc07cf) Importer(815301076,1909f56bfc062723c751e8b465ee728b)
Start importing Assets/Prefabs/Enemy.prefab using Guid(02377f12b7644a747a8a9102a0bc07cf) Importer(815301076,1909f56bfc062723c751e8b465ee728b)  -> (artifact id: '8b185af51299e583ae309acdaf43dbea') in 0.041444 seconds 
========================================================================
Received Import Request.
  Time since last request: 0.000157 seconds.
  path: Assets/Prefabs/Gun.prefab
  artifactKey: Guid(1c01ca296defe4a47bb4b5b80ce06591) Importer(815301076,1909f56bfc062723c751e8b465ee728b)
Start importing Assets/Prefabs/Gun.prefab using Guid(1c01ca296defe4a47bb4b5b80ce06591) Importer(815301076,1909f56bfc062723c751e8b465ee728b)  -> (artifact id: 'c09e8d3c8b593eb62ef9693cade76523') in 0.014486 seconds 
========================================================================
Received Import Request.
  Time since last request: 49.325670 seconds.
  path: Assets/Prefabs/Grenade.prefab
  artifactKey: Guid(9a891747736c9f546aea5d97fbf06eb1) Importer(815301076,1909f56bfc062723c751e8b465ee728b)
Start importing Assets/Prefabs/Grenade.prefab using Guid(9a891747736c9f546aea5d97fbf06eb1) Importer(815301076,1909f56bfc062723c751e8b465ee728b)  -> (artifact id: 'd653810cc28940a00983d859b9c90d4b') in 0.038454 seconds 
========================================================================
Received Prepare
Registering precompiled user dll's ...
Registered in 0.005642 seconds.
Begin MonoManager ReloadAssembly
Symbol file LoadedFromMemory doesn't match image D:\Unity\Projects\Unit-14-Fps-Game\Library\PackageCache\com.unity.visualscripting@1.7.8\Editor\VisualScripting.Core\Dependencies\YamlDotNet\Unity.VisualScripting.YamlDotNet.dll
Symbol file LoadedFromMemory doesn't match image D:\Unity\Projects\Unit-14-Fps-Game\Library\PackageCache\com.unity.visualscripting@1.7.8\Editor\VisualScripting.Core\Dependencies\DotNetZip\Unity.VisualScripting.IonicZip.dll
Native extension for WindowsStandalone target not found
Refreshing native plugins compatible for Editor in 0.76 ms, found 3 plugins.
Preloading 0 native plugins for Editor in 0.00 ms.
Mono: successfully reloaded assembly
- Completed reload, in  1.055 seconds
Domain Reload Profiling:
	ReloadAssembly (1055ms)
		BeginReloadAssembly (178ms)
			ExecutionOrderSort (0ms)
			DisableScriptedObjects (5ms)
			BackupInstance (0ms)
			ReleaseScriptingObjects (0ms)
			CreateAndSetChildDomain (42ms)
		EndReloadAssembly (818ms)
			LoadAssemblies (150ms)
			RebuildTransferFunctionScriptingTraits (0ms)
			SetupTypeCache (329ms)
			ReleaseScriptCaches (1ms)
			RebuildScriptCaches (39ms)
			SetupLoadedEditorAssemblies (256ms)
				LogAssemblyErrors (0ms)
				InitializePlatformSupportModulesInManaged (4ms)
				SetLoadedEditorAssemblies (1ms)
				RefreshPlugins (1ms)
				BeforeProcessingInitializeOnLoad (44ms)
				ProcessInitializeOnLoadAttributes (194ms)
				ProcessInitializeOnLoadMethodAttributes (9ms)
				AfterProcessingInitializeOnLoad (2ms)
				EditorAssembliesLoaded (0ms)
			ExecutionOrderSort2 (0ms)
			AwakeInstancesAfterBackupRestoration (11ms)
Platform modules already initialized, skipping
Refreshing native plugins compatible for Editor in 0.75 ms, found 3 plugins.
Preloading 0 native plugins for Editor in 0.00 ms.
Unloading 3115 Unused Serialized files (Serialized files now loaded: 0)
System memory in use before: 132.0 MB.
System memory in use after: 132.3 MB.

Unloading 17 unused Assets to reduce memory usage. Loaded Objects now: 3662.
Total: 3.310700 ms (FindLiveObjects: 0.296900 ms CreateObjectMapping: 0.109900 ms MarkObjects: 2.876400 ms  DeleteObjects: 0.026300 ms)

AssetImportParameters requested are different than current active one (requested -> active):
  custom:framework-win-MediaFoundation: 216162199b28c13a410421893ffa2e32 -> 
  custom:video-decoder-ogg-theora: a1e56fd34408186e4bbccfd4996cb3dc -> 
  custom:container-muxer-webm: aa71ff27fc2769a1b78a27578f13a17b -> 
  custom:container-demuxer-webm: 4f35f7cbe854078d1ac9338744f61a02 -> 
  custom:container-demuxer-ogg: 62fdf1f143b41e24485cea50d1cbac27 -> 
  custom:video-encoder-webm-vp8: eb34c28f22e8b96e1ab97ce403110664 -> 
  custom:video-decoder-webm-vp8: 9c59270c3fd7afecdb556c50c9e8de78 -> 
  custom:audio-decoder-ogg-vorbis: bf7c407c2cedff20999df2af8eb42d56 -> 
  custom:audio-encoder-webm-vorbis: bf7c407c2cedff20999df2af8eb42d56 -> 
========================================================================
Received Import Request.
  Time since last request: 205.696064 seconds.
  path: Assets/Scripts/Grenade.cs
  artifactKey: Guid(9f491e0a7b80b454089b5cf71554f6d3) Importer(815301076,1909f56bfc062723c751e8b465ee728b)
Start importing Assets/Scripts/Grenade.cs using Guid(9f491e0a7b80b454089b5cf71554f6d3) Importer(815301076,1909f56bfc062723c751e8b465ee728b)  -> (artifact id: '13962e2933ea67f966daf5a0d3c19f17') in 0.012268 seconds 
========================================================================
Received Prepare
Registering precompiled user dll's ...
Registered in 0.005779 seconds.
Begin MonoManager ReloadAssembly
Symbol file LoadedFromMemory doesn't match image D:\Unity\Projects\Unit-14-Fps-Game\Library\PackageCache\com.unity.visualscripting@1.7.8\Editor\VisualScripting.Core\Dependencies\YamlDotNet\Unity.VisualScripting.YamlDotNet.dll
Symbol file LoadedFromMemory doesn't match image D:\Unity\Projects\Unit-14-Fps-Game\Library\PackageCache\com.unity.visualscripting@1.7.8\Editor\VisualScripting.Core\Dependencies\DotNetZip\Unity.VisualScripting.IonicZip.dll
Native extension for WindowsStandalone target not found
Refreshing native plugins compatible for Editor in 0.82 ms, found 3 plugins.
Preloading 0 native plugins for Editor in 0.00 ms.
Mono: successfully reloaded assembly
- Completed reload, in  1.305 seconds
Domain Reload Profiling:
	ReloadAssembly (1306ms)
		BeginReloadAssembly (182ms)
			ExecutionOrderSort (0ms)
			DisableScriptedObjects (12ms)
			BackupInstance (0ms)
			ReleaseScriptingObjects (0ms)
			CreateAndSetChildDomain (44ms)
		EndReloadAssembly (1059ms)
			LoadAssemblies (149ms)
			RebuildTransferFunctionScriptingTraits (0ms)
			SetupTypeCache (451ms)
			ReleaseScriptCaches (1ms)
			RebuildScriptCaches (42ms)
			SetupLoadedEditorAssemblies (345ms)
				LogAssemblyErrors (0ms)
				InitializePlatformSupportModulesInManaged (5ms)
				SetLoadedEditorAssemblies (0ms)
				RefreshPlugins (1ms)
				BeforeProcessingInitializeOnLoad (52ms)
				ProcessInitializeOnLoadAttributes (274ms)
				ProcessInitializeOnLoadMethodAttributes (10ms)
				AfterProcessingInitializeOnLoad (2ms)
				EditorAssembliesLoaded (0ms)
			ExecutionOrderSort2 (0ms)
			AwakeInstancesAfterBackupRestoration (17ms)
Platform modules already initialized, skipping
Refreshing native plugins compatible for Editor in 0.79 ms, found 3 plugins.
Preloading 0 native plugins for Editor in 0.00 ms.
Unloading 3115 Unused Serialized files (Serialized files now loaded: 0)
System memory in use before: 132.0 MB.
System memory in use after: 132.3 MB.

Unloading 16 unused Assets to reduce memory usage. Loaded Objects now: 3665.
Total: 3.400800 ms (FindLiveObjects: 0.290000 ms CreateObjectMapping: 0.077000 ms MarkObjects: 3.010600 ms  DeleteObjects: 0.021800 ms)

AssetImportParameters requested are different than current active one (requested -> active):
  custom:framework-win-MediaFoundation: 216162199b28c13a410421893ffa2e32 -> 
  custom:video-decoder-ogg-theora: a1e56fd34408186e4bbccfd4996cb3dc -> 
  custom:container-muxer-webm: aa71ff27fc2769a1b78a27578f13a17b -> 
  custom:container-demuxer-webm: 4f35f7cbe854078d1ac9338744f61a02 -> 
  custom:container-demuxer-ogg: 62fdf1f143b41e24485cea50d1cbac27 -> 
  custom:video-encoder-webm-vp8: eb34c28f22e8b96e1ab97ce403110664 -> 
  custom:video-decoder-webm-vp8: 9c59270c3fd7afecdb556c50c9e8de78 -> 
  custom:audio-decoder-ogg-vorbis: bf7c407c2cedff20999df2af8eb42d56 -> 
  custom:audio-encoder-webm-vorbis: bf7c407c2cedff20999df2af8eb42d56 -> 
========================================================================
Received Prepare
Registering precompiled user dll's ...
Registered in 0.005175 seconds.
Begin MonoManager ReloadAssembly
Symbol file LoadedFromMemory doesn't match image D:\Unity\Projects\Unit-14-Fps-Game\Library\PackageCache\com.unity.visualscripting@1.7.8\Editor\VisualScripting.Core\Dependencies\YamlDotNet\Unity.VisualScripting.YamlDotNet.dll
Symbol file LoadedFromMemory doesn't match image D:\Unity\Projects\Unit-14-Fps-Game\Library\PackageCache\com.unity.visualscripting@1.7.8\Editor\VisualScripting.Core\Dependencies\DotNetZip\Unity.VisualScripting.IonicZip.dll
Native extension for WindowsStandalone target not found
Refreshing native plugins compatible for Editor in 0.67 ms, found 3 plugins.
Preloading 0 native plugins for Editor in 0.00 ms.
Mono: successfully reloaded assembly
- Completed reload, in  0.984 seconds
Domain Reload Profiling:
	ReloadAssembly (984ms)
		BeginReloadAssembly (148ms)
			ExecutionOrderSort (0ms)
			DisableScriptedObjects (5ms)
			BackupInstance (0ms)
			ReleaseScriptingObjects (0ms)
			CreateAndSetChildDomain (33ms)
		EndReloadAssembly (784ms)
			LoadAssemblies (125ms)
			RebuildTransferFunctionScriptingTraits (0ms)
			SetupTypeCache (305ms)
			ReleaseScriptCaches (1ms)
			RebuildScriptCaches (37ms)
			SetupLoadedEditorAssemblies (253ms)
				LogAssemblyErrors (0ms)
				InitializePlatformSupportModulesInManaged (4ms)
				SetLoadedEditorAssemblies (0ms)
				RefreshPlugins (1ms)
				BeforeProcessingInitializeOnLoad (46ms)
				ProcessInitializeOnLoadAttributes (190ms)
				ProcessInitializeOnLoadMethodAttributes (10ms)
				AfterProcessingInitializeOnLoad (2ms)
				EditorAssembliesLoaded (0ms)
			ExecutionOrderSort2 (0ms)
			AwakeInstancesAfterBackupRestoration (16ms)
Platform modules already initialized, skipping
Refreshing native plugins compatible for Editor in 0.68 ms, found 3 plugins.
Preloading 0 native plugins for Editor in 0.00 ms.
Unloading 3115 Unused Serialized files (Serialized files now loaded: 0)
System memory in use before: 132.0 MB.
System memory in use after: 132.3 MB.

Unloading 16 unused Assets to reduce memory usage. Loaded Objects now: 3668.
Total: 3.035700 ms (FindLiveObjects: 0.306200 ms CreateObjectMapping: 0.081400 ms MarkObjects: 2.627700 ms  DeleteObjects: 0.018900 ms)

AssetImportParameters requested are different than current active one (requested -> active):
  custom:framework-win-MediaFoundation: 216162199b28c13a410421893ffa2e32 -> 
  custom:video-decoder-ogg-theora: a1e56fd34408186e4bbccfd4996cb3dc -> 
  custom:container-muxer-webm: aa71ff27fc2769a1b78a27578f13a17b -> 
  custom:container-demuxer-webm: 4f35f7cbe854078d1ac9338744f61a02 -> 
  custom:container-demuxer-ogg: 62fdf1f143b41e24485cea50d1cbac27 -> 
  custom:video-encoder-webm-vp8: eb34c28f22e8b96e1ab97ce403110664 -> 
  custom:video-decoder-webm-vp8: 9c59270c3fd7afecdb556c50c9e8de78 -> 
  custom:audio-decoder-ogg-vorbis: bf7c407c2cedff20999df2af8eb42d56 -> 
  custom:audio-encoder-webm-vorbis: bf7c407c2cedff20999df2af8eb42d56 -> 
========================================================================
Received Import Request.
  Time since last request: 430.986868 seconds.
  path: Assets/Scripts/Grenade.cs
  artifactKey: Guid(9f491e0a7b80b454089b5cf71554f6d3) Importer(815301076,1909f56bfc062723c751e8b465ee728b)
Start importing Assets/Scripts/Grenade.cs using Guid(9f491e0a7b80b454089b5cf71554f6d3) Importer(815301076,1909f56bfc062723c751e8b465ee728b)  -> (artifact id: '5130ae067c117352a0819d2de95d314b') in 0.006659 seconds 
AssetImportWorkerClient::OnTransportError - code=2 error=End of file
